[1107/183235.857:ERROR:directory_reader_win.cc(43)] FindFirstFile: 系统找不到指定的路径。 (0x3)
[1112/114926.966:ERROR:process_reader_win.cc(123)] NtOpenThread: {无法访问} 过程已请求访问一对象，但未给访问权限。 (0xc0000022)
[1112/114926.968:ERROR:exception_snapshot_win.cc(99)] thread ID 6008 not found in process
[1112/114926.968:ERROR:process_reader_win.cc(123)] NtOpenThread: {无法访问} 过程已请求访问一对象，但未给访问权限。 (0xc0000022)
[1112/114926.968:ERROR:exception_snapshot_win.cc(99)] thread ID 26784 not found in process
[1112/114926.987:ERROR:process_reader_win.cc(123)] NtOpenThread: {无法访问} 过程已请求访问一对象，但未给访问权限。 (0xc0000022)
[1112/114926.987:ERROR:exception_snapshot_win.cc(99)] thread ID 19708 not found in process
[1112/115827.566:ERROR:process_reader_win.cc(123)] NtOpenThread: {无法访问} 过程已请求访问一对象，但未给访问权限。 (0xc0000022)
[1112/115827.567:ERROR:exception_snapshot_win.cc(99)] thread ID 9816 not found in process
[1112/115827.586:ERROR:process_reader_win.cc(123)] NtOpenThread: {无法访问} 过程已请求访问一对象，但未给访问权限。 (0xc0000022)
[1112/115827.586:ERROR:exception_snapshot_win.cc(99)] thread ID 1972 not found in process
[1112/115929.428:ERROR:process_reader_win.cc(123)] NtOpenThread: {无法访问} 过程已请求访问一对象，但未给访问权限。 (0xc0000022)
[1112/115929.429:ERROR:exception_snapshot_win.cc(99)] thread ID 25344 not found in process
[1112/115929.443:ERROR:process_reader_win.cc(123)] NtOpenThread: {无法访问} 过程已请求访问一对象，但未给访问权限。 (0xc0000022)
[1112/115929.443:ERROR:exception_snapshot_win.cc(99)] thread ID 16196 not found in process
[1112/120125.879:ERROR:process_reader_win.cc(123)] NtOpenThread: {无法访问} 过程已请求访问一对象，但未给访问权限。 (0xc0000022)
[1112/120125.880:ERROR:exception_snapshot_win.cc(99)] thread ID 19272 not found in process
[1112/120125.879:ERROR:process_reader_win.cc(123)] NtOpenThread: {无法访问} 过程已请求访问一对象，但未给访问权限。 (0xc0000022)
[1112/120125.880:ERROR:exception_snapshot_win.cc(99)] thread ID 21440 not found in process
[1112/120125.897:ERROR:process_reader_win.cc(123)] NtOpenThread: {无法访问} 过程已请求访问一对象，但未给访问权限。 (0xc0000022)
[1112/120125.897:ERROR:exception_snapshot_win.cc(99)] thread ID 20708 not found in process
[1112/120233.233:ERROR:process_reader_win.cc(123)] NtOpenThread: {无法访问} 过程已请求访问一对象，但未给访问权限。 (0xc0000022)
[1112/120233.234:ERROR:exception_snapshot_win.cc(99)] thread ID 16564 not found in process
[1112/120452.057:ERROR:process_reader_win.cc(123)] NtOpenThread: {无法访问} 过程已请求访问一对象，但未给访问权限。 (0xc0000022)
[1112/120452.059:ERROR:exception_snapshot_win.cc(99)] thread ID 19904 not found in process
[1112/120452.071:ERROR:process_reader_win.cc(123)] NtOpenThread: {无法访问} 过程已请求访问一对象，但未给访问权限。 (0xc0000022)
[1112/120452.071:ERROR:exception_snapshot_win.cc(99)] thread ID 8076 not found in process
[1114/193604.561:ERROR:process_reader_win.cc(151)] SuspendThread: 拒绝访问。 (0x5)
[1114/193604.565:ERROR:process_reader_win.cc(151)] SuspendThread: 拒绝访问。 (0x5)
[1114/193604.565:ERROR:process_reader_win.cc(151)] SuspendThread: 拒绝访问。 (0x5)
[1114/193604.565:ERROR:process_reader_win.cc(151)] SuspendThread: 拒绝访问。 (0x5)
[1114/193604.565:ERROR:exception_snapshot_win.cc(99)] thread ID 32392 not found in process
[1114/201729.953:ERROR:process_info.cc(359)] UncheckedAllocate
[1114/201729.976:ERROR:filesystem_win.cc(129)] GetFileAttributes C:\Users\38942\AppData\Local\Temp\scoped_dir36232_725971705\Crashpad\attachments\7766f82f-560e-4726-8d12-70948f89a96e: 系统找不到指定的路径。 (0x3)
[1114/201751.022:ERROR:http_transport_win.cc(276)] WinHttpSendRequest: 操作成功完成。 (0x0)
[1114/201851.869:ERROR:process_info.cc(359)] UncheckedAllocate
[1114/201851.898:ERROR:filesystem_win.cc(129)] GetFileAttributes C:\Users\38942\AppData\Local\Temp\scoped_dir34304_881162260\Crashpad\attachments\11ef8e98-7a92-4aaf-a221-55127db57fe5: 系统找不到指定的路径。 (0x3)
[1114/201912.957:ERROR:http_transport_win.cc(276)] WinHttpSendRequest: 操作成功完成。 (0x0)
[1114/213211.824:ERROR:process_memory_win.cc(73)] ReadMemory at 0x136df6d0000 of 64 bytes failed: 仅完成部分的 ReadProcessMemory 或 WriteProcessMemory 请求。 (0x12B)
[1114/213211.825:WARNING:pe_image_reader.cc(340)] could not read dos header from C:\Windows\System32\USER32.dll
[1114/213211.826:ERROR:process_memory_win.cc(73)] ReadMemory at 0x136ddd4e5e0 of 72 bytes failed: 仅完成部分的 ReadProcessMemory 或 WriteProcessMemory 请求。 (0x12B)
[1114/213211.826:WARNING:pe_image_annotations_reader.cc(135)] could not read annotations list object in C:\Program Files (x86)\Google\Chrome\Application\86.0.4240.193\chrome_elf.dll
[1114/213211.827:ERROR:process_memory_win.cc(73)] ReadMemory at 0x136ddd88f80 of 72 bytes failed: 仅完成部分的 ReadProcessMemory 或 WriteProcessMemory 请求。 (0x12B)
[1114/213211.827:WARNING:pe_image_annotations_reader.cc(135)] could not read annotations list object in C:\Program Files (x86)\Google\Chrome\Application\86.0.4240.193\chrome.dll
[1114/213211.829:ERROR:process_memory_win.cc(73)] ReadMemory at 0x136df6d0000 of 64 bytes failed: 仅完成部分的 ReadProcessMemory 或 WriteProcessMemory 请求。 (0x12B)
[1114/213211.829:WARNING:pe_image_reader.cc(340)] could not read dos header from C:\Windows\System32\USER32.dll
[1114/213211.829:ERROR:process_memory_win.cc(73)] ReadMemory at 0x136df6d0000 of 64 bytes failed: 仅完成部分的 ReadProcessMemory 或 WriteProcessMemory 请求。 (0x12B)
[1114/213211.829:WARNING:pe_image_reader.cc(340)] could not read dos header from C:\Windows\System32\USER32.dll
[1114/213211.953:ERROR:process_memory_win.cc(73)] ReadMemory at 0x7ff742900000 of 64 bytes failed: 仅完成部分的 ReadProcessMemory 或 WriteProcessMemory 请求。 (0x12B)
[1114/213211.953:WARNING:pe_image_reader.cc(340)] could not read dos header from C:\Program Files (x86)\Google\Chrome\Application\chrome.exe
[1114/213211.953:ERROR:process_memory_win.cc(73)] ReadMemory at 0x7ff8d2920000 of 64 bytes failed: 仅完成部分的 ReadProcessMemory 或 WriteProcessMemory 请求。 (0x12B)
[1114/213211.953:WARNING:pe_image_reader.cc(340)] could not read dos header from C:\Windows\SYSTEM32\ntdll.dll
[1114/213211.953:ERROR:process_memory_win.cc(73)] ReadMemory at 0x7ff8d1e00000 of 64 bytes failed: 仅完成部分的 ReadProcessMemory 或 WriteProcessMemory 请求。 (0x12B)
[1114/213211.953:WARNING:pe_image_reader.cc(340)] could not read dos header from C:\Windows\System32\KERNEL32.DLL
[1114/213211.953:ERROR:process_memory_win.cc(73)] ReadMemory at 0x7ff8cfb10000 of 64 bytes failed: 仅完成部分的 ReadProcessMemory 或 WriteProcessMemory 请求。 (0x12B)
[1114/213211.953:WARNING:pe_image_reader.cc(340)] could not read dos header from C:\Windows\System32\KERNELBASE.dll
[1114/213211.953:ERROR:process_memory_win.cc(73)] ReadMemory at 0x7ff881700000 of 64 bytes failed: 仅完成部分的 ReadProcessMemory 或 WriteProcessMemory 请求。 (0x12B)
[1114/213211.953:WARNING:pe_image_reader.cc(340)] could not read dos header from C:\Program Files (x86)\Google\Chrome\Application\86.0.4240.193\chrome_elf.dll
[1114/213211.953:ERROR:process_memory_win.cc(73)] ReadMemory at 0x7ff8c39d0000 of 64 bytes failed: 仅完成部分的 ReadProcessMemory 或 WriteProcessMemory 请求。 (0x12B)
[1114/213211.953:WARNING:pe_image_reader.cc(340)] could not read dos header from C:\Windows\SYSTEM32\VERSION.dll
[1114/213211.953:ERROR:process_memory_win.cc(73)] ReadMemory at 0x7ff8d0fe0000 of 64 bytes failed: 仅完成部分的 ReadProcessMemory 或 WriteProcessMemory 请求。 (0x12B)
[1114/213211.953:WARNING:pe_image_reader.cc(340)] could not read dos header from C:\Windows\System32\msvcrt.dll
[1114/213211.953:ERROR:process_memory_win.cc(73)] ReadMemory at 0x7ff8cf8b0000 of 64 bytes failed: 仅完成部分的 ReadProcessMemory 或 WriteProcessMemory 请求。 (0x12B)
[1114/213211.953:WARNING:pe_image_reader.cc(340)] could not read dos header from C:\Windows\System32\bcryptPrimitives.dll
[1114/213211.953:ERROR:process_memory_win.cc(73)] ReadMemory at 0x7ff8d1c80000 of 64 bytes failed: 仅完成部分的 ReadProcessMemory 或 WriteProcessMemory 请求。 (0x12B)
[1114/213211.953:WARNING:pe_image_reader.cc(340)] could not read dos header from C:\Windows\System32\ADVAPI32.dll
[1114/213211.954:ERROR:process_memory_win.cc(73)] ReadMemory at 0x7ff8d11c0000 of 64 bytes failed: 仅完成部分的 ReadProcessMemory 或 WriteProcessMemory 请求。 (0x12B)
[1114/213211.954:WARNING:pe_image_reader.cc(340)] could not read dos header from C:\Windows\System32\sechost.dll
[1114/213211.954:ERROR:process_memory_win.cc(73)] ReadMemory at 0x7ff8d20c0000 of 64 bytes failed: 仅完成部分的 ReadProcessMemory 或 WriteProcessMemory 请求。 (0x12B)
[1114/213211.954:WARNING:pe_image_reader.cc(340)] could not read dos header from C:\Windows\System32\RPCRT4.dll
[1114/213211.954:ERROR:process_memory_win.cc(73)] ReadMemory at 0x7ff8784c0000 of 64 bytes failed: 仅完成部分的 ReadProcessMemory 或 WriteProcessMemory 请求。 (0x12B)
[1114/213211.954:WARNING:pe_image_reader.cc(340)] could not read dos header from C:\Program Files (x86)\Google\Chrome\Application\86.0.4240.193\chrome.dll
[1114/213211.954:ERROR:process_memory_win.cc(73)] ReadMemory at 0x7ff8d1b40000 of 64 bytes failed: 仅完成部分的 ReadProcessMemory 或 WriteProcessMemory 请求。 (0x12B)
[1114/213211.954:WARNING:pe_image_reader.cc(340)] could not read dos header from C:\Windows\System32\WS2_32.dll
[1114/213211.954:ERROR:process_memory_win.cc(73)] ReadMemory at 0x7ff8d1420000 of 64 bytes failed: 仅完成部分的 ReadProcessMemory 或 WriteProcessMemory 请求。 (0x12B)
[1114/213211.954:WARNING:pe_image_reader.cc(340)] could not read dos header from C:\Windows\System32\OLEAUT32.dll
[1114/213211.954:ERROR:process_memory_win.cc(73)] ReadMemory at 0x7ff8d00e0000 of 64 bytes failed: 仅完成部分的 ReadProcessMemory 或 WriteProcessMemory 请求。 (0x12B)
[1114/213211.954:WARNING:pe_image_reader.cc(340)] could not read dos header from C:\Windows\System32\msvcp_win.dll
[1114/213211.954:ERROR:process_memory_win.cc(73)] ReadMemory at 0x7ff8cf980000 of 64 bytes failed: 仅完成部分的 ReadProcessMemory 或 WriteProcessMemory 请求。 (0x12B)
[1114/213211.954:WARNING:pe_image_reader.cc(340)] could not read dos header from C:\Windows\System32\ucrtbase.dll
[1114/213211.954:ERROR:process_memory_win.cc(73)] ReadMemory at 0x7ff8d0af0000 of 64 bytes failed: 仅完成部分的 ReadProcessMemory 或 WriteProcessMemory 请求。 (0x12B)
[1114/213211.954:WARNING:pe_image_reader.cc(340)] could not read dos header from C:\Windows\System32\combase.dll
[1114/213211.954:ERROR:process_memory_win.cc(73)] ReadMemory at 0x7ff8cfa80000 of 64 bytes failed: 仅完成部分的 ReadProcessMemory 或 WriteProcessMemory 请求。 (0x12B)
[1114/213211.954:WARNING:pe_image_reader.cc(340)] could not read dos header from C:\Windows\System32\WINTRUST.dll
[1114/213211.954:ERROR:process_memory_win.cc(73)] ReadMemory at 0x7ff8cf7f0000 of 64 bytes failed: 仅完成部分的 ReadProcessMemory 或 WriteProcessMemory 请求。 (0x12B)
[1114/213211.954:WARNING:pe_image_reader.cc(340)] could not read dos header from C:\Windows\System32\MSASN1.dll
[1114/213211.954:ERROR:process_memory_win.cc(73)] ReadMemory at 0x7ff8cfdf0000 of 64 bytes failed: 仅完成部分的 ReadProcessMemory 或 WriteProcessMemory 请求。 (0x12B)
[1114/213211.954:WARNING:pe_image_reader.cc(340)] could not read dos header from C:\Windows\System32\CRYPT32.dll
[1114/213211.954:ERROR:process_memory_win.cc(73)] ReadMemory at 0x7ff8ce030000 of 64 bytes failed: 仅完成部分的 ReadProcessMemory 或 WriteProcessMemory 请求。 (0x12B)
[1114/213211.954:WARNING:pe_image_reader.cc(340)] could not read dos header from C:\Windows\SYSTEM32\dbghelp.dll
[1114/213211.954:ERROR:process_memory_win.cc(73)] ReadMemory at 0x7ff8ced00000 of 64 bytes failed: 仅完成部分的 ReadProcessMemory 或 WriteProcessMemory 请求。 (0x12B)
[1114/213211.954:WARNING:pe_image_reader.cc(340)] could not read dos header from C:\Windows\SYSTEM32\IPHLPAPI.DLL
[1114/213211.954:ERROR:process_memory_win.cc(73)] ReadMemory at 0x7ff8c7650000 of 64 bytes failed: 仅完成部分的 ReadProcessMemory 或 WriteProcessMemory 请求。 (0x12B)
[1114/213211.954:WARNING:pe_image_reader.cc(340)] could not read dos header from C:\Windows\SYSTEM32\WINMM.dll
[1114/213211.954:ERROR:process_memory_win.cc(73)] ReadMemory at 0x7ff8963a0000 of 64 bytes failed: 仅完成部分的 ReadProcessMemory 或 WriteProcessMemory 请求。 (0x12B)
[1114/213211.954:WARNING:pe_image_reader.cc(340)] could not read dos header from C:\Windows\SYSTEM32\UIAutomationCore.DLL
[1114/213211.954:ERROR:process_memory_win.cc(73)] ReadMemory at 0x7ff8b5070000 of 64 bytes failed: 仅完成部分的 ReadProcessMemory 或 WriteProcessMemory 请求。 (0x12B)
[1114/213211.954:WARNING:pe_image_reader.cc(340)] could not read dos header from C:\Windows\SYSTEM32\Secur32.dll
[1114/213211.954:ERROR:process_memory_win.cc(73)] ReadMemory at 0x7ff8cf700000 of 64 bytes failed: 仅完成部分的 ReadProcessMemory 或 WriteProcessMemory 请求。 (0x12B)
[1114/213211.954:WARNING:pe_image_reader.cc(340)] could not read dos header from C:\Windows\SYSTEM32\USERENV.dll
[1114/213211.954:ERROR:process_memory_win.cc(73)] ReadMemory at 0x7ff8cf810000 of 64 bytes failed: 仅完成部分的 ReadProcessMemory 或 WriteProcessMemory 请求。 (0x12B)
[1114/213211.954:WARNING:pe_image_reader.cc(340)] could not read dos header from C:\Windows\System32\profapi.dll
[1114/213211.954:ERROR:process_memory_win.cc(73)] ReadMemory at 0x7ff89f380000 of 64 bytes failed: 仅完成部分的 ReadProcessMemory 或 WriteProcessMemory 请求。 (0x12B)
[1114/213211.954:WARNING:pe_image_reader.cc(340)] could not read dos header from C:\Windows\SYSTEM32\DWrite.dll
[1114/213211.954:ERROR:process_memory_win.cc(73)] ReadMemory at 0x7ff8bb140000 of 64 bytes failed: 仅完成部分的 ReadProcessMemory 或 WriteProcessMemory 请求。 (0x12B)
[1114/213211.954:WARNING:pe_image_reader.cc(340)] could not read dos header from C:\Windows\SYSTEM32\WINSPOOL.DRV
[1114/213211.954:ERROR:process_memory_win.cc(73)] ReadMemory at 0x7ff8cf890000 of 64 bytes failed: 仅完成部分的 ReadProcessMemory 或 WriteProcessMemory 请求。 (0x12B)
[1114/213211.954:WARNING:pe_image_reader.cc(340)] could not read dos header from C:\Windows\System32\kernel.appcore.dll
[1114/213211.954:ERROR:process_memory_win.cc(73)] ReadMemory at 0x7ff8cfdc0000 of 64 bytes failed: 仅完成部分的 ReadProcessMemory 或 WriteProcessMemory 请求。 (0x12B)
[1114/213211.954:WARNING:pe_image_reader.cc(340)] could not read dos header from C:\Windows\System32\bcrypt.dll
[1114/213211.954:ERROR:process_memory_win.cc(73)] ReadMemory at 0x7ff8c7b60000 of 64 bytes failed: 仅完成部分的 ReadProcessMemory 或 WriteProcessMemory 请求。 (0x12B)
[1114/213211.954:WARNING:pe_image_reader.cc(340)] could not read dos header from C:\Windows\SYSTEM32\WINHTTP.dll
[1114/213211.954:ERROR:process_memory_win.cc(73)] ReadMemory at 0x7ff8c26c0000 of 64 bytes failed: 仅完成部分的 ReadProcessMemory 或 WriteProcessMemory 请求。 (0x12B)
[1114/213211.954:WARNING:pe_image_reader.cc(340)] could not read dos header from C:\Windows\SYSTEM32\dhcpcsvc.DLL
[1114/213211.955:ERROR:process_memory_win.cc(73)] ReadMemory at 0x7ff8d21e0000 of 64 bytes failed: 仅完成部分的 ReadProcessMemory 或 WriteProcessMemory 请求。 (0x12B)
[1114/213211.955:WARNING:pe_image_reader.cc(340)] could not read dos header from C:\Windows\System32\NSI.dll
[1114/213211.955:ERROR:process_memory_win.cc(73)] ReadMemory at 0x7ff8c7620000 of 64 bytes failed: 仅完成部分的 ReadProcessMemory 或 WriteProcessMemory 请求。 (0x12B)
[1114/213211.955:WARNING:pe_image_reader.cc(340)] could not read dos header from C:\Windows\SYSTEM32\WINMMBASE.dll
[1114/213211.955:ERROR:process_memory_win.cc(73)] ReadMemory at 0x7ff8cf930000 of 64 bytes failed: 仅完成部分的 ReadProcessMemory 或 WriteProcessMemory 请求。 (0x12B)
[1114/213211.955:WARNING:pe_image_reader.cc(340)] could not read dos header from C:\Windows\System32\cfgmgr32.dll
[1114/213211.955:ERROR:process_memory_win.cc(73)] ReadMemory at 0x7ff8ce230000 of 64 bytes failed: 仅完成部分的 ReadProcessMemory 或 WriteProcessMemory 请求。 (0x12B)
[1114/213211.955:WARNING:pe_image_reader.cc(340)] could not read dos header from C:\Windows\SYSTEM32\PROPSYS.dll
[1114/213211.955:ERROR:process_memory_win.cc(73)] ReadMemory at 0x7ff8d12c0000 of 64 bytes failed: 仅完成部分的 ReadProcessMemory 或 WriteProcessMemory 请求。 (0x12B)
[1114/213211.955:WARNING:pe_image_reader.cc(340)] could not read dos header from C:\Windows\System32\shcore.dll
[1114/213211.955:ERROR:process_memory_win.cc(73)] ReadMemory at 0x7ff8cf6c0000 of 64 bytes failed: 仅完成部分的 ReadProcessMemory 或 WriteProcessMemory 请求。 (0x12B)
[1114/213211.955:WARNING:pe_image_reader.cc(340)] could not read dos header from C:\Windows\SYSTEM32\SSPICLI.DLL
[1114/213211.955:ERROR:process_memory_win.cc(73)] ReadMemory at 0x7ff8d21f0000 of 64 bytes failed: 仅完成部分的 ReadProcessMemory 或 WriteProcessMemory 请求。 (0x12B)
[1114/213211.955:WARNING:pe_image_reader.cc(340)] could not read dos header from C:\Windows\System32\SHELL32.dll
[1114/213211.955:ERROR:process_memory_win.cc(73)] ReadMemory at 0x7ff8d0180000 of 64 bytes failed: 仅完成部分的 ReadProcessMemory 或 WriteProcessMemory 请求。 (0x12B)
[1114/213211.955:WARNING:pe_image_reader.cc(340)] could not read dos header from C:\Windows\System32\windows.storage.dll
[1114/213211.955:ERROR:process_memory_win.cc(73)] ReadMemory at 0x7ff8cf840000 of 64 bytes failed: 仅完成部分的 ReadProcessMemory 或 WriteProcessMemory 请求。 (0x12B)
[1114/213211.955:WARNING:pe_image_reader.cc(340)] could not read dos header from C:\Windows\System32\powrprof.dll
[1114/213211.955:ERROR:process_memory_win.cc(73)] ReadMemory at 0x7ff8cf7e0000 of 64 bytes failed: 仅完成部分的 ReadProcessMemory 或 WriteProcessMemory 请求。 (0x12B)
[1114/213211.955:WARNING:pe_image_reader.cc(340)] could not read dos header from C:\Windows\System32\UMPDC.dll
[1114/213211.955:ERROR:process_memory_win.cc(73)] ReadMemory at 0x7ff8d0a90000 of 64 bytes failed: 仅完成部分的 ReadProcessMemory 或 WriteProcessMemory 请求。 (0x12B)
[1114/213211.955:WARNING:pe_image_reader.cc(340)] could not read dos header from C:\Windows\System32\shlwapi.dll
[1114/213211.955:ERROR:process_memory_win.cc(73)] ReadMemory at 0x7ff8d09d0000 of 64 bytes failed: 仅完成部分的 ReadProcessMemory 或 WriteProcessMemory 请求。 (0x12B)
[1114/213211.955:WARNING:pe_image_reader.cc(340)] could not read dos header from C:\Windows\System32\GDI32.dll
[1114/213211.955:ERROR:process_memory_win.cc(73)] ReadMemory at 0x7ff8cfae0000 of 64 bytes failed: 仅完成部分的 ReadProcessMemory 或 WriteProcessMemory 请求。 (0x12B)
[1114/213211.955:WARNING:pe_image_reader.cc(340)] could not read dos header from C:\Windows\System32\win32u.dll
[1114/213211.955:ERROR:process_memory_win.cc(73)] ReadMemory at 0x7ff8cff40000 of 64 bytes failed: 仅完成部分的 ReadProcessMemory 或 WriteProcessMemory 请求。 (0x12B)
[1114/213211.955:WARNING:pe_image_reader.cc(340)] could not read dos header from C:\Windows\System32\gdi32full.dll
[1114/213211.955:ERROR:process_memory_win.cc(73)] ReadMemory at 0x136df6d0000 of 64 bytes failed: 仅完成部分的 ReadProcessMemory 或 WriteProcessMemory 请求。 (0x12B)
[1114/213211.955:WARNING:pe_image_reader.cc(340)] could not read dos header from C:\Windows\System32\USER32.dll
[1114/213211.955:ERROR:process_memory_win.cc(73)] ReadMemory at 0x7ff8d0900000 of 64 bytes failed: 仅完成部分的 ReadProcessMemory 或 WriteProcessMemory 请求。 (0x12B)
[1114/213211.955:WARNING:pe_image_reader.cc(340)] could not read dos header from C:\Windows\System32\cryptsp.dll
[1114/213211.955:ERROR:process_memory_win.cc(73)] ReadMemory at 0x7ff8d1370000 of 64 bytes failed: 仅完成部分的 ReadProcessMemory 或 WriteProcessMemory 请求。 (0x12B)
[1114/213211.955:WARNING:pe_image_reader.cc(340)] could not read dos header from C:\Windows\System32\IMM32.DLL
[1114/213211.955:ERROR:process_memory_win.cc(73)] ReadMemory at 0x7ff8cf160000 of 64 bytes failed: 仅完成部分的 ReadProcessMemory 或 WriteProcessMemory 请求。 (0x12B)
[1114/213211.955:WARNING:pe_image_reader.cc(340)] could not read dos header from C:\Windows\SYSTEM32\CRYPTBASE.DLL
[1114/213211.963:ERROR:process_memory_win.cc(73)] ReadMemory at 0x7ff742900000 of 64 bytes failed: 仅完成部分的 ReadProcessMemory 或 WriteProcessMemory 请求。 (0x12B)
[1114/213211.963:WARNING:pe_image_reader.cc(340)] could not read dos header from C:\Program Files (x86)\Google\Chrome\Application\chrome.exe
[1114/213211.963:ERROR:process_memory_win.cc(73)] ReadMemory at 0x7ff8d2920000 of 64 bytes failed: 仅完成部分的 ReadProcessMemory 或 WriteProcessMemory 请求。 (0x12B)
[1114/213211.963:WARNING:pe_image_reader.cc(340)] could not read dos header from C:\Windows\SYSTEM32\ntdll.dll
[1114/213211.964:ERROR:process_memory_win.cc(73)] ReadMemory at 0x7ff8d1e00000 of 64 bytes failed: 仅完成部分的 ReadProcessMemory 或 WriteProcessMemory 请求。 (0x12B)
[1114/213211.964:WARNING:pe_image_reader.cc(340)] could not read dos header from C:\Windows\System32\KERNEL32.DLL
[1114/213211.964:ERROR:process_memory_win.cc(73)] ReadMemory at 0x7ff8cfb10000 of 64 bytes failed: 仅完成部分的 ReadProcessMemory 或 WriteProcessMemory 请求。 (0x12B)
[1114/213211.964:WARNING:pe_image_reader.cc(340)] could not read dos header from C:\Windows\System32\KERNELBASE.dll
[1114/213211.964:ERROR:process_memory_win.cc(73)] ReadMemory at 0x7ff881700000 of 64 bytes failed: 仅完成部分的 ReadProcessMemory 或 WriteProcessMemory 请求。 (0x12B)
[1114/213211.964:WARNING:pe_image_reader.cc(340)] could not read dos header from C:\Program Files (x86)\Google\Chrome\Application\86.0.4240.193\chrome_elf.dll
[1114/213211.964:ERROR:process_memory_win.cc(73)] ReadMemory at 0x7ff8c39d0000 of 64 bytes failed: 仅完成部分的 ReadProcessMemory 或 WriteProcessMemory 请求。 (0x12B)
[1114/213211.964:WARNING:pe_image_reader.cc(340)] could not read dos header from C:\Windows\SYSTEM32\VERSION.dll
[1114/213211.964:ERROR:process_memory_win.cc(73)] ReadMemory at 0x7ff8d0fe0000 of 64 bytes failed: 仅完成部分的 ReadProcessMemory 或 WriteProcessMemory 请求。 (0x12B)
[1114/213211.964:WARNING:pe_image_reader.cc(340)] could not read dos header from C:\Windows\System32\msvcrt.dll
[1114/213211.964:ERROR:process_memory_win.cc(73)] ReadMemory at 0x7ff8cf8b0000 of 64 bytes failed: 仅完成部分的 ReadProcessMemory 或 WriteProcessMemory 请求。 (0x12B)
[1114/213211.964:WARNING:pe_image_reader.cc(340)] could not read dos header from C:\Windows\System32\bcryptPrimitives.dll
[1114/213211.964:ERROR:process_memory_win.cc(73)] ReadMemory at 0x7ff8d1c80000 of 64 bytes failed: 仅完成部分的 ReadProcessMemory 或 WriteProcessMemory 请求。 (0x12B)
[1114/213211.964:WARNING:pe_image_reader.cc(340)] could not read dos header from C:\Windows\System32\ADVAPI32.dll
[1114/213211.964:ERROR:process_memory_win.cc(73)] ReadMemory at 0x7ff8d11c0000 of 64 bytes failed: 仅完成部分的 ReadProcessMemory 或 WriteProcessMemory 请求。 (0x12B)
[1114/213211.964:WARNING:pe_image_reader.cc(340)] could not read dos header from C:\Windows\System32\sechost.dll
[1114/213211.964:ERROR:process_memory_win.cc(73)] ReadMemory at 0x7ff8d20c0000 of 64 bytes failed: 仅完成部分的 ReadProcessMemory 或 WriteProcessMemory 请求。 (0x12B)
[1114/213211.964:WARNING:pe_image_reader.cc(340)] could not read dos header from C:\Windows\System32\RPCRT4.dll
[1114/213211.964:ERROR:process_memory_win.cc(73)] ReadMemory at 0x7ff8784c0000 of 64 bytes failed: 仅完成部分的 ReadProcessMemory 或 WriteProcessMemory 请求。 (0x12B)
[1114/213211.964:WARNING:pe_image_reader.cc(340)] could not read dos header from C:\Program Files (x86)\Google\Chrome\Application\86.0.4240.193\chrome.dll
[1114/213211.964:ERROR:process_memory_win.cc(73)] ReadMemory at 0x7ff8d1b40000 of 64 bytes failed: 仅完成部分的 ReadProcessMemory 或 WriteProcessMemory 请求。 (0x12B)
[1114/213211.964:WARNING:pe_image_reader.cc(340)] could not read dos header from C:\Windows\System32\WS2_32.dll
[1114/213211.964:ERROR:process_memory_win.cc(73)] ReadMemory at 0x7ff8d1420000 of 64 bytes failed: 仅完成部分的 ReadProcessMemory 或 WriteProcessMemory 请求。 (0x12B)
[1114/213211.964:WARNING:pe_image_reader.cc(340)] could not read dos header from C:\Windows\System32\OLEAUT32.dll
[1114/213211.964:ERROR:process_memory_win.cc(73)] ReadMemory at 0x7ff8d00e0000 of 64 bytes failed: 仅完成部分的 ReadProcessMemory 或 WriteProcessMemory 请求。 (0x12B)
[1114/213211.964:WARNING:pe_image_reader.cc(340)] could not read dos header from C:\Windows\System32\msvcp_win.dll
[1114/213211.964:ERROR:process_memory_win.cc(73)] ReadMemory at 0x7ff8cf980000 of 64 bytes failed: 仅完成部分的 ReadProcessMemory 或 WriteProcessMemory 请求。 (0x12B)
[1114/213211.964:WARNING:pe_image_reader.cc(340)] could not read dos header from C:\Windows\System32\ucrtbase.dll
[1114/213211.964:ERROR:process_memory_win.cc(73)] ReadMemory at 0x7ff8d0af0000 of 64 bytes failed: 仅完成部分的 ReadProcessMemory 或 WriteProcessMemory 请求。 (0x12B)
[1114/213211.964:WARNING:pe_image_reader.cc(340)] could not read dos header from C:\Windows\System32\combase.dll
[1114/213211.964:ERROR:process_memory_win.cc(73)] ReadMemory at 0x7ff8cfa80000 of 64 bytes failed: 仅完成部分的 ReadProcessMemory 或 WriteProcessMemory 请求。 (0x12B)
[1114/213211.964:WARNING:pe_image_reader.cc(340)] could not read dos header from C:\Windows\System32\WINTRUST.dll
[1114/213211.964:ERROR:process_memory_win.cc(73)] ReadMemory at 0x7ff8cf7f0000 of 64 bytes failed: 仅完成部分的 ReadProcessMemory 或 WriteProcessMemory 请求。 (0x12B)
[1114/213211.964:WARNING:pe_image_reader.cc(340)] could not read dos header from C:\Windows\System32\MSASN1.dll
[1114/213211.964:ERROR:process_memory_win.cc(73)] ReadMemory at 0x7ff8cfdf0000 of 64 bytes failed: 仅完成部分的 ReadProcessMemory 或 WriteProcessMemory 请求。 (0x12B)
[1114/213211.964:WARNING:pe_image_reader.cc(340)] could not read dos header from C:\Windows\System32\CRYPT32.dll
[1114/213211.964:ERROR:process_memory_win.cc(73)] ReadMemory at 0x7ff8ce030000 of 64 bytes failed: 仅完成部分的 ReadProcessMemory 或 WriteProcessMemory 请求。 (0x12B)
[1114/213211.964:WARNING:pe_image_reader.cc(340)] could not read dos header from C:\Windows\SYSTEM32\dbghelp.dll
[1114/213211.964:ERROR:process_memory_win.cc(73)] ReadMemory at 0x7ff8ced00000 of 64 bytes failed: 仅完成部分的 ReadProcessMemory 或 WriteProcessMemory 请求。 (0x12B)
[1114/213211.964:WARNING:pe_image_reader.cc(340)] could not read dos header from C:\Windows\SYSTEM32\IPHLPAPI.DLL
[1114/213211.964:ERROR:process_memory_win.cc(73)] ReadMemory at 0x7ff8c7650000 of 64 bytes failed: 仅完成部分的 ReadProcessMemory 或 WriteProcessMemory 请求。 (0x12B)
[1114/213211.964:WARNING:pe_image_reader.cc(340)] could not read dos header from C:\Windows\SYSTEM32\WINMM.dll
[1114/213211.964:ERROR:process_memory_win.cc(73)] ReadMemory at 0x7ff8963a0000 of 64 bytes failed: 仅完成部分的 ReadProcessMemory 或 WriteProcessMemory 请求。 (0x12B)
[1114/213211.964:WARNING:pe_image_reader.cc(340)] could not read dos header from C:\Windows\SYSTEM32\UIAutomationCore.DLL
[1114/213211.964:ERROR:process_memory_win.cc(73)] ReadMemory at 0x7ff8b5070000 of 64 bytes failed: 仅完成部分的 ReadProcessMemory 或 WriteProcessMemory 请求。 (0x12B)
[1114/213211.964:WARNING:pe_image_reader.cc(340)] could not read dos header from C:\Windows\SYSTEM32\Secur32.dll
[1114/213211.964:ERROR:process_memory_win.cc(73)] ReadMemory at 0x7ff8cf700000 of 64 bytes failed: 仅完成部分的 ReadProcessMemory 或 WriteProcessMemory 请求。 (0x12B)
[1114/213211.964:WARNING:pe_image_reader.cc(340)] could not read dos header from C:\Windows\SYSTEM32\USERENV.dll
[1114/213211.964:ERROR:process_memory_win.cc(73)] ReadMemory at 0x7ff8cf810000 of 64 bytes failed: 仅完成部分的 ReadProcessMemory 或 WriteProcessMemory 请求。 (0x12B)
[1114/213211.964:WARNING:pe_image_reader.cc(340)] could not read dos header from C:\Windows\System32\profapi.dll
[1114/213211.964:ERROR:process_memory_win.cc(73)] ReadMemory at 0x7ff89f380000 of 64 bytes failed: 仅完成部分的 ReadProcessMemory 或 WriteProcessMemory 请求。 (0x12B)
[1114/213211.964:WARNING:pe_image_reader.cc(340)] could not read dos header from C:\Windows\SYSTEM32\DWrite.dll
[1114/213211.965:ERROR:process_memory_win.cc(73)] ReadMemory at 0x7ff8bb140000 of 64 bytes failed: 仅完成部分的 ReadProcessMemory 或 WriteProcessMemory 请求。 (0x12B)
[1114/213211.965:WARNING:pe_image_reader.cc(340)] could not read dos header from C:\Windows\SYSTEM32\WINSPOOL.DRV
[1114/213211.965:ERROR:process_memory_win.cc(73)] ReadMemory at 0x7ff8cf890000 of 64 bytes failed: 仅完成部分的 ReadProcessMemory 或 WriteProcessMemory 请求。 (0x12B)
[1114/213211.965:WARNING:pe_image_reader.cc(340)] could not read dos header from C:\Windows\System32\kernel.appcore.dll
[1114/213211.965:ERROR:process_memory_win.cc(73)] ReadMemory at 0x7ff8cfdc0000 of 64 bytes failed: 仅完成部分的 ReadProcessMemory 或 WriteProcessMemory 请求。 (0x12B)
[1114/213211.965:WARNING:pe_image_reader.cc(340)] could not read dos header from C:\Windows\System32\bcrypt.dll
[1114/213211.965:ERROR:process_memory_win.cc(73)] ReadMemory at 0x7ff8c7b60000 of 64 bytes failed: 仅完成部分的 ReadProcessMemory 或 WriteProcessMemory 请求。 (0x12B)
[1114/213211.965:WARNING:pe_image_reader.cc(340)] could not read dos header from C:\Windows\SYSTEM32\WINHTTP.dll
[1114/213211.965:ERROR:process_memory_win.cc(73)] ReadMemory at 0x7ff8c26c0000 of 64 bytes failed: 仅完成部分的 ReadProcessMemory 或 WriteProcessMemory 请求。 (0x12B)
[1114/213211.965:WARNING:pe_image_reader.cc(340)] could not read dos header from C:\Windows\SYSTEM32\dhcpcsvc.DLL
[1114/213211.965:ERROR:process_memory_win.cc(73)] ReadMemory at 0x7ff8d21e0000 of 64 bytes failed: 仅完成部分的 ReadProcessMemory 或 WriteProcessMemory 请求。 (0x12B)
[1114/213211.965:WARNING:pe_image_reader.cc(340)] could not read dos header from C:\Windows\System32\NSI.dll
[1114/213211.965:ERROR:process_memory_win.cc(73)] ReadMemory at 0x7ff8c7620000 of 64 bytes failed: 仅完成部分的 ReadProcessMemory 或 WriteProcessMemory 请求。 (0x12B)
[1114/213211.965:WARNING:pe_image_reader.cc(340)] could not read dos header from C:\Windows\SYSTEM32\WINMMBASE.dll
[1114/213211.965:ERROR:process_memory_win.cc(73)] ReadMemory at 0x7ff8cf930000 of 64 bytes failed: 仅完成部分的 ReadProcessMemory 或 WriteProcessMemory 请求。 (0x12B)
[1114/213211.965:WARNING:pe_image_reader.cc(340)] could not read dos header from C:\Windows\System32\cfgmgr32.dll
[1114/213211.965:ERROR:process_memory_win.cc(73)] ReadMemory at 0x7ff8ce230000 of 64 bytes failed: 仅完成部分的 ReadProcessMemory 或 WriteProcessMemory 请求。 (0x12B)
[1114/213211.965:WARNING:pe_image_reader.cc(340)] could not read dos header from C:\Windows\SYSTEM32\PROPSYS.dll
[1114/213211.965:ERROR:process_memory_win.cc(73)] ReadMemory at 0x7ff8d12c0000 of 64 bytes failed: 仅完成部分的 ReadProcessMemory 或 WriteProcessMemory 请求。 (0x12B)
[1114/213211.965:WARNING:pe_image_reader.cc(340)] could not read dos header from C:\Windows\System32\shcore.dll
[1114/213211.965:ERROR:process_memory_win.cc(73)] ReadMemory at 0x7ff8cf6c0000 of 64 bytes failed: 仅完成部分的 ReadProcessMemory 或 WriteProcessMemory 请求。 (0x12B)
[1114/213211.965:WARNING:pe_image_reader.cc(340)] could not read dos header from C:\Windows\SYSTEM32\SSPICLI.DLL
[1114/213211.965:ERROR:process_memory_win.cc(73)] ReadMemory at 0x7ff8d21f0000 of 64 bytes failed: 仅完成部分的 ReadProcessMemory 或 WriteProcessMemory 请求。 (0x12B)
[1114/213211.965:WARNING:pe_image_reader.cc(340)] could not read dos header from C:\Windows\System32\SHELL32.dll
[1114/213211.965:ERROR:process_memory_win.cc(73)] ReadMemory at 0x7ff8d0180000 of 64 bytes failed: 仅完成部分的 ReadProcessMemory 或 WriteProcessMemory 请求。 (0x12B)
[1114/213211.965:WARNING:pe_image_reader.cc(340)] could not read dos header from C:\Windows\System32\windows.storage.dll
[1114/213211.965:ERROR:process_memory_win.cc(73)] ReadMemory at 0x7ff8cf840000 of 64 bytes failed: 仅完成部分的 ReadProcessMemory 或 WriteProcessMemory 请求。 (0x12B)
[1114/213211.965:WARNING:pe_image_reader.cc(340)] could not read dos header from C:\Windows\System32\powrprof.dll
[1114/213211.965:ERROR:process_memory_win.cc(73)] ReadMemory at 0x7ff8cf7e0000 of 64 bytes failed: 仅完成部分的 ReadProcessMemory 或 WriteProcessMemory 请求。 (0x12B)
[1114/213211.965:WARNING:pe_image_reader.cc(340)] could not read dos header from C:\Windows\System32\UMPDC.dll
[1114/213211.965:ERROR:process_memory_win.cc(73)] ReadMemory at 0x7ff8d0a90000 of 64 bytes failed: 仅完成部分的 ReadProcessMemory 或 WriteProcessMemory 请求。 (0x12B)
[1114/213211.965:WARNING:pe_image_reader.cc(340)] could not read dos header from C:\Windows\System32\shlwapi.dll
[1114/213211.965:ERROR:process_memory_win.cc(73)] ReadMemory at 0x7ff8d09d0000 of 64 bytes failed: 仅完成部分的 ReadProcessMemory 或 WriteProcessMemory 请求。 (0x12B)
[1114/213211.965:WARNING:pe_image_reader.cc(340)] could not read dos header from C:\Windows\System32\GDI32.dll
[1114/213211.965:ERROR:process_memory_win.cc(73)] ReadMemory at 0x7ff8cfae0000 of 64 bytes failed: 仅完成部分的 ReadProcessMemory 或 WriteProcessMemory 请求。 (0x12B)
[1114/213211.965:WARNING:pe_image_reader.cc(340)] could not read dos header from C:\Windows\System32\win32u.dll
[1114/213211.965:ERROR:process_memory_win.cc(73)] ReadMemory at 0x7ff8cff40000 of 64 bytes failed: 仅完成部分的 ReadProcessMemory 或 WriteProcessMemory 请求。 (0x12B)
[1114/213211.965:WARNING:pe_image_reader.cc(340)] could not read dos header from C:\Windows\System32\gdi32full.dll
[1114/213211.965:ERROR:process_memory_win.cc(73)] ReadMemory at 0x136df6d0000 of 64 bytes failed: 仅完成部分的 ReadProcessMemory 或 WriteProcessMemory 请求。 (0x12B)
[1114/213211.965:WARNING:pe_image_reader.cc(340)] could not read dos header from C:\Windows\System32\USER32.dll
[1114/213211.965:ERROR:process_memory_win.cc(73)] ReadMemory at 0x7ff8d0900000 of 64 bytes failed: 仅完成部分的 ReadProcessMemory 或 WriteProcessMemory 请求。 (0x12B)
[1114/213211.965:WARNING:pe_image_reader.cc(340)] could not read dos header from C:\Windows\System32\cryptsp.dll
[1114/213211.965:ERROR:process_memory_win.cc(73)] ReadMemory at 0x7ff8d1370000 of 64 bytes failed: 仅完成部分的 ReadProcessMemory 或 WriteProcessMemory 请求。 (0x12B)
[1114/213211.965:WARNING:pe_image_reader.cc(340)] could not read dos header from C:\Windows\System32\IMM32.DLL
[1114/213211.965:ERROR:process_memory_win.cc(73)] ReadMemory at 0x7ff8cf160000 of 64 bytes failed: 仅完成部分的 ReadProcessMemory 或 WriteProcessMemory 请求。 (0x12B)
[1114/213211.965:WARNING:pe_image_reader.cc(340)] could not read dos header from C:\Windows\SYSTEM32\CRYPTBASE.DLL
[1114/213211.965:ERROR:process_memory_win.cc(73)] ReadMemory at 0x7ff742900000 of 64 bytes failed: 仅完成部分的 ReadProcessMemory 或 WriteProcessMemory 请求。 (0x12B)
[1114/213211.965:WARNING:pe_image_reader.cc(340)] could not read dos header from C:\Program Files (x86)\Google\Chrome\Application\chrome.exe
[1114/213211.965:ERROR:process_memory_win.cc(73)] ReadMemory at 0x7ff8d2920000 of 64 bytes failed: 仅完成部分的 ReadProcessMemory 或 WriteProcessMemory 请求。 (0x12B)
[1114/213211.965:WARNING:pe_image_reader.cc(340)] could not read dos header from C:\Windows\SYSTEM32\ntdll.dll
[1114/213211.965:ERROR:process_memory_win.cc(73)] ReadMemory at 0x7ff8d1e00000 of 64 bytes failed: 仅完成部分的 ReadProcessMemory 或 WriteProcessMemory 请求。 (0x12B)
[1114/213211.965:WARNING:pe_image_reader.cc(340)] could not read dos header from C:\Windows\System32\KERNEL32.DLL
[1114/213211.965:ERROR:process_memory_win.cc(73)] ReadMemory at 0x7ff8cfb10000 of 64 bytes failed: 仅完成部分的 ReadProcessMemory 或 WriteProcessMemory 请求。 (0x12B)
[1114/213211.965:WARNING:pe_image_reader.cc(340)] could not read dos header from C:\Windows\System32\KERNELBASE.dll
[1114/213211.965:ERROR:process_memory_win.cc(73)] ReadMemory at 0x7ff881700000 of 64 bytes failed: 仅完成部分的 ReadProcessMemory 或 WriteProcessMemory 请求。 (0x12B)
[1114/213211.965:WARNING:pe_image_reader.cc(340)] could not read dos header from C:\Program Files (x86)\Google\Chrome\Application\86.0.4240.193\chrome_elf.dll
[1114/213211.965:ERROR:process_memory_win.cc(73)] ReadMemory at 0x7ff8c39d0000 of 64 bytes failed: 仅完成部分的 ReadProcessMemory 或 WriteProcessMemory 请求。 (0x12B)
[1114/213211.965:WARNING:pe_image_reader.cc(340)] could not read dos header from C:\Windows\SYSTEM32\VERSION.dll
[1114/213211.965:ERROR:process_memory_win.cc(73)] ReadMemory at 0x7ff8d0fe0000 of 64 bytes failed: 仅完成部分的 ReadProcessMemory 或 WriteProcessMemory 请求。 (0x12B)
[1114/213211.965:WARNING:pe_image_reader.cc(340)] could not read dos header from C:\Windows\System32\msvcrt.dll
[1114/213211.965:ERROR:process_memory_win.cc(73)] ReadMemory at 0x7ff8cf8b0000 of 64 bytes failed: 仅完成部分的 ReadProcessMemory 或 WriteProcessMemory 请求。 (0x12B)
[1114/213211.965:WARNING:pe_image_reader.cc(340)] could not read dos header from C:\Windows\System32\bcryptPrimitives.dll
[1114/213211.966:ERROR:process_memory_win.cc(73)] ReadMemory at 0x7ff8d1c80000 of 64 bytes failed: 仅完成部分的 ReadProcessMemory 或 WriteProcessMemory 请求。 (0x12B)
[1114/213211.966:WARNING:pe_image_reader.cc(340)] could not read dos header from C:\Windows\System32\ADVAPI32.dll
[1114/213211.966:ERROR:process_memory_win.cc(73)] ReadMemory at 0x7ff8d11c0000 of 64 bytes failed: 仅完成部分的 ReadProcessMemory 或 WriteProcessMemory 请求。 (0x12B)
[1114/213211.966:WARNING:pe_image_reader.cc(340)] could not read dos header from C:\Windows\System32\sechost.dll
[1114/213211.966:ERROR:process_memory_win.cc(73)] ReadMemory at 0x7ff8d20c0000 of 64 bytes failed: 仅完成部分的 ReadProcessMemory 或 WriteProcessMemory 请求。 (0x12B)
[1114/213211.966:WARNING:pe_image_reader.cc(340)] could not read dos header from C:\Windows\System32\RPCRT4.dll
[1114/213211.966:ERROR:process_memory_win.cc(73)] ReadMemory at 0x7ff8784c0000 of 64 bytes failed: 仅完成部分的 ReadProcessMemory 或 WriteProcessMemory 请求。 (0x12B)
[1114/213211.966:WARNING:pe_image_reader.cc(340)] could not read dos header from C:\Program Files (x86)\Google\Chrome\Application\86.0.4240.193\chrome.dll
[1114/213211.966:ERROR:process_memory_win.cc(73)] ReadMemory at 0x7ff8d1b40000 of 64 bytes failed: 仅完成部分的 ReadProcessMemory 或 WriteProcessMemory 请求。 (0x12B)
[1114/213211.966:WARNING:pe_image_reader.cc(340)] could not read dos header from C:\Windows\System32\WS2_32.dll
[1114/213211.966:ERROR:process_memory_win.cc(73)] ReadMemory at 0x7ff8d1420000 of 64 bytes failed: 仅完成部分的 ReadProcessMemory 或 WriteProcessMemory 请求。 (0x12B)
[1114/213211.966:WARNING:pe_image_reader.cc(340)] could not read dos header from C:\Windows\System32\OLEAUT32.dll
[1114/213211.966:ERROR:process_memory_win.cc(73)] ReadMemory at 0x7ff8d00e0000 of 64 bytes failed: 仅完成部分的 ReadProcessMemory 或 WriteProcessMemory 请求。 (0x12B)
[1114/213211.966:WARNING:pe_image_reader.cc(340)] could not read dos header from C:\Windows\System32\msvcp_win.dll
[1114/213211.966:ERROR:process_memory_win.cc(73)] ReadMemory at 0x7ff8cf980000 of 64 bytes failed: 仅完成部分的 ReadProcessMemory 或 WriteProcessMemory 请求。 (0x12B)
[1114/213211.966:WARNING:pe_image_reader.cc(340)] could not read dos header from C:\Windows\System32\ucrtbase.dll
[1114/213211.966:ERROR:process_memory_win.cc(73)] ReadMemory at 0x7ff8d0af0000 of 64 bytes failed: 仅完成部分的 ReadProcessMemory 或 WriteProcessMemory 请求。 (0x12B)
[1114/213211.966:WARNING:pe_image_reader.cc(340)] could not read dos header from C:\Windows\System32\combase.dll
[1114/213211.966:ERROR:process_memory_win.cc(73)] ReadMemory at 0x7ff8cfa80000 of 64 bytes failed: 仅完成部分的 ReadProcessMemory 或 WriteProcessMemory 请求。 (0x12B)
[1114/213211.966:WARNING:pe_image_reader.cc(340)] could not read dos header from C:\Windows\System32\WINTRUST.dll
[1114/213211.966:ERROR:process_memory_win.cc(73)] ReadMemory at 0x7ff8cf7f0000 of 64 bytes failed: 仅完成部分的 ReadProcessMemory 或 WriteProcessMemory 请求。 (0x12B)
[1114/213211.966:WARNING:pe_image_reader.cc(340)] could not read dos header from C:\Windows\System32\MSASN1.dll
[1114/213211.966:ERROR:process_memory_win.cc(73)] ReadMemory at 0x7ff8cfdf0000 of 64 bytes failed: 仅完成部分的 ReadProcessMemory 或 WriteProcessMemory 请求。 (0x12B)
[1114/213211.966:WARNING:pe_image_reader.cc(340)] could not read dos header from C:\Windows\System32\CRYPT32.dll
[1114/213211.966:ERROR:process_memory_win.cc(73)] ReadMemory at 0x7ff8ce030000 of 64 bytes failed: 仅完成部分的 ReadProcessMemory 或 WriteProcessMemory 请求。 (0x12B)
[1114/213211.966:WARNING:pe_image_reader.cc(340)] could not read dos header from C:\Windows\SYSTEM32\dbghelp.dll
[1114/213211.966:ERROR:process_memory_win.cc(73)] ReadMemory at 0x7ff8ced00000 of 64 bytes failed: 仅完成部分的 ReadProcessMemory 或 WriteProcessMemory 请求。 (0x12B)
[1114/213211.966:WARNING:pe_image_reader.cc(340)] could not read dos header from C:\Windows\SYSTEM32\IPHLPAPI.DLL
[1114/213211.966:ERROR:process_memory_win.cc(73)] ReadMemory at 0x7ff8c7650000 of 64 bytes failed: 仅完成部分的 ReadProcessMemory 或 WriteProcessMemory 请求。 (0x12B)
[1114/213211.966:WARNING:pe_image_reader.cc(340)] could not read dos header from C:\Windows\SYSTEM32\WINMM.dll
[1114/213211.966:ERROR:process_memory_win.cc(73)] ReadMemory at 0x7ff8963a0000 of 64 bytes failed: 仅完成部分的 ReadProcessMemory 或 WriteProcessMemory 请求。 (0x12B)
[1114/213211.966:WARNING:pe_image_reader.cc(340)] could not read dos header from C:\Windows\SYSTEM32\UIAutomationCore.DLL
[1114/213211.966:ERROR:process_memory_win.cc(73)] ReadMemory at 0x7ff8b5070000 of 64 bytes failed: 仅完成部分的 ReadProcessMemory 或 WriteProcessMemory 请求。 (0x12B)
[1114/213211.966:WARNING:pe_image_reader.cc(340)] could not read dos header from C:\Windows\SYSTEM32\Secur32.dll
[1114/213211.966:ERROR:process_memory_win.cc(73)] ReadMemory at 0x7ff8cf700000 of 64 bytes failed: 仅完成部分的 ReadProcessMemory 或 WriteProcessMemory 请求。 (0x12B)
[1114/213211.966:WARNING:pe_image_reader.cc(340)] could not read dos header from C:\Windows\SYSTEM32\USERENV.dll
[1114/213211.966:ERROR:process_memory_win.cc(73)] ReadMemory at 0x7ff8cf810000 of 64 bytes failed: 仅完成部分的 ReadProcessMemory 或 WriteProcessMemory 请求。 (0x12B)
[1114/213211.966:WARNING:pe_image_reader.cc(340)] could not read dos header from C:\Windows\System32\profapi.dll
[1114/213211.966:ERROR:process_memory_win.cc(73)] ReadMemory at 0x7ff89f380000 of 64 bytes failed: 仅完成部分的 ReadProcessMemory 或 WriteProcessMemory 请求。 (0x12B)
[1114/213211.966:WARNING:pe_image_reader.cc(340)] could not read dos header from C:\Windows\SYSTEM32\DWrite.dll
[1114/213211.966:ERROR:process_memory_win.cc(73)] ReadMemory at 0x7ff8bb140000 of 64 bytes failed: 仅完成部分的 ReadProcessMemory 或 WriteProcessMemory 请求。 (0x12B)
[1114/213211.966:WARNING:pe_image_reader.cc(340)] could not read dos header from C:\Windows\SYSTEM32\WINSPOOL.DRV
[1114/213211.966:ERROR:process_memory_win.cc(73)] ReadMemory at 0x7ff8cf890000 of 64 bytes failed: 仅完成部分的 ReadProcessMemory 或 WriteProcessMemory 请求。 (0x12B)
[1114/213211.966:WARNING:pe_image_reader.cc(340)] could not read dos header from C:\Windows\System32\kernel.appcore.dll
[1114/213211.966:ERROR:process_memory_win.cc(73)] ReadMemory at 0x7ff8cfdc0000 of 64 bytes failed: 仅完成部分的 ReadProcessMemory 或 WriteProcessMemory 请求。 (0x12B)
[1114/213211.966:WARNING:pe_image_reader.cc(340)] could not read dos header from C:\Windows\System32\bcrypt.dll
[1114/213211.966:ERROR:process_memory_win.cc(73)] ReadMemory at 0x7ff8c7b60000 of 64 bytes failed: 仅完成部分的 ReadProcessMemory 或 WriteProcessMemory 请求。 (0x12B)
[1114/213211.966:WARNING:pe_image_reader.cc(340)] could not read dos header from C:\Windows\SYSTEM32\WINHTTP.dll
[1114/213211.966:ERROR:process_memory_win.cc(73)] ReadMemory at 0x7ff8c26c0000 of 64 bytes failed: 仅完成部分的 ReadProcessMemory 或 WriteProcessMemory 请求。 (0x12B)
[1114/213211.967:WARNING:pe_image_reader.cc(340)] could not read dos header from C:\Windows\SYSTEM32\dhcpcsvc.DLL
[1114/213211.967:ERROR:process_memory_win.cc(73)] ReadMemory at 0x7ff8d21e0000 of 64 bytes failed: 仅完成部分的 ReadProcessMemory 或 WriteProcessMemory 请求。 (0x12B)
[1114/213211.967:WARNING:pe_image_reader.cc(340)] could not read dos header from C:\Windows\System32\NSI.dll
[1114/213211.967:ERROR:process_memory_win.cc(73)] ReadMemory at 0x7ff8c7620000 of 64 bytes failed: 仅完成部分的 ReadProcessMemory 或 WriteProcessMemory 请求。 (0x12B)
[1114/213211.967:WARNING:pe_image_reader.cc(340)] could not read dos header from C:\Windows\SYSTEM32\WINMMBASE.dll
[1114/213211.967:ERROR:process_memory_win.cc(73)] ReadMemory at 0x7ff8cf930000 of 64 bytes failed: 仅完成部分的 ReadProcessMemory 或 WriteProcessMemory 请求。 (0x12B)
[1114/213211.967:WARNING:pe_image_reader.cc(340)] could not read dos header from C:\Windows\System32\cfgmgr32.dll
[1114/213211.967:ERROR:process_memory_win.cc(73)] ReadMemory at 0x7ff8ce230000 of 64 bytes failed: 仅完成部分的 ReadProcessMemory 或 WriteProcessMemory 请求。 (0x12B)
[1114/213211.967:WARNING:pe_image_reader.cc(340)] could not read dos header from C:\Windows\SYSTEM32\PROPSYS.dll
[1114/213211.967:ERROR:process_memory_win.cc(73)] ReadMemory at 0x7ff8d12c0000 of 64 bytes failed: 仅完成部分的 ReadProcessMemory 或 WriteProcessMemory 请求。 (0x12B)
[1114/213211.967:WARNING:pe_image_reader.cc(340)] could not read dos header from C:\Windows\System32\shcore.dll
[1114/213211.967:ERROR:process_memory_win.cc(73)] ReadMemory at 0x7ff8cf6c0000 of 64 bytes failed: 仅完成部分的 ReadProcessMemory 或 WriteProcessMemory 请求。 (0x12B)
[1114/213211.967:WARNING:pe_image_reader.cc(340)] could not read dos header from C:\Windows\SYSTEM32\SSPICLI.DLL
[1114/213211.967:ERROR:process_memory_win.cc(73)] ReadMemory at 0x7ff8d21f0000 of 64 bytes failed: 仅完成部分的 ReadProcessMemory 或 WriteProcessMemory 请求。 (0x12B)
[1114/213211.967:WARNING:pe_image_reader.cc(340)] could not read dos header from C:\Windows\System32\SHELL32.dll
[1114/213211.967:ERROR:process_memory_win.cc(73)] ReadMemory at 0x7ff8d0180000 of 64 bytes failed: 仅完成部分的 ReadProcessMemory 或 WriteProcessMemory 请求。 (0x12B)
[1114/213211.967:WARNING:pe_image_reader.cc(340)] could not read dos header from C:\Windows\System32\windows.storage.dll
[1114/213211.967:ERROR:process_memory_win.cc(73)] ReadMemory at 0x7ff8cf840000 of 64 bytes failed: 仅完成部分的 ReadProcessMemory 或 WriteProcessMemory 请求。 (0x12B)
[1114/213211.967:WARNING:pe_image_reader.cc(340)] could not read dos header from C:\Windows\System32\powrprof.dll
[1114/213211.967:ERROR:process_memory_win.cc(73)] ReadMemory at 0x7ff8cf7e0000 of 64 bytes failed: 仅完成部分的 ReadProcessMemory 或 WriteProcessMemory 请求。 (0x12B)
[1114/213211.967:WARNING:pe_image_reader.cc(340)] could not read dos header from C:\Windows\System32\UMPDC.dll
[1114/213211.967:ERROR:process_memory_win.cc(73)] ReadMemory at 0x7ff8d0a90000 of 64 bytes failed: 仅完成部分的 ReadProcessMemory 或 WriteProcessMemory 请求。 (0x12B)
[1114/213211.967:WARNING:pe_image_reader.cc(340)] could not read dos header from C:\Windows\System32\shlwapi.dll
[1114/213211.967:ERROR:process_memory_win.cc(73)] ReadMemory at 0x7ff8d09d0000 of 64 bytes failed: 仅完成部分的 ReadProcessMemory 或 WriteProcessMemory 请求。 (0x12B)
[1114/213211.967:WARNING:pe_image_reader.cc(340)] could not read dos header from C:\Windows\System32\GDI32.dll
[1114/213211.967:ERROR:process_memory_win.cc(73)] ReadMemory at 0x7ff8cfae0000 of 64 bytes failed: 仅完成部分的 ReadProcessMemory 或 WriteProcessMemory 请求。 (0x12B)
[1114/213211.967:WARNING:pe_image_reader.cc(340)] could not read dos header from C:\Windows\System32\win32u.dll
[1114/213211.967:ERROR:process_memory_win.cc(73)] ReadMemory at 0x7ff8cff40000 of 64 bytes failed: 仅完成部分的 ReadProcessMemory 或 WriteProcessMemory 请求。 (0x12B)
[1114/213211.967:WARNING:pe_image_reader.cc(340)] could not read dos header from C:\Windows\System32\gdi32full.dll
[1114/213211.967:ERROR:process_memory_win.cc(73)] ReadMemory at 0x136df6d0000 of 64 bytes failed: 仅完成部分的 ReadProcessMemory 或 WriteProcessMemory 请求。 (0x12B)
[1114/213211.967:WARNING:pe_image_reader.cc(340)] could not read dos header from C:\Windows\System32\USER32.dll
[1114/213211.967:ERROR:process_memory_win.cc(73)] ReadMemory at 0x7ff8d0900000 of 64 bytes failed: 仅完成部分的 ReadProcessMemory 或 WriteProcessMemory 请求。 (0x12B)
[1114/213211.967:WARNING:pe_image_reader.cc(340)] could not read dos header from C:\Windows\System32\cryptsp.dll
[1114/213211.967:ERROR:process_memory_win.cc(73)] ReadMemory at 0x7ff8d1370000 of 64 bytes failed: 仅完成部分的 ReadProcessMemory 或 WriteProcessMemory 请求。 (0x12B)
[1114/213211.967:WARNING:pe_image_reader.cc(340)] could not read dos header from C:\Windows\System32\IMM32.DLL
[1114/213211.967:ERROR:process_memory_win.cc(73)] ReadMemory at 0x7ff8cf160000 of 64 bytes failed: 仅完成部分的 ReadProcessMemory 或 WriteProcessMemory 请求。 (0x12B)
[1114/213211.967:WARNING:pe_image_reader.cc(340)] could not read dos header from C:\Windows\SYSTEM32\CRYPTBASE.DLL
[1114/213211.974:ERROR:process_memory_win.cc(73)] ReadMemory at 0x10bdbed000 of 77824 bytes failed: 仅完成部分的 ReadProcessMemory 或 WriteProcessMemory 请求。 (0x12B)
[1114/213211.975:ERROR:process_memory_win.cc(73)] ReadMemory at 0x10be3fe000 of 8192 bytes failed: 仅完成部分的 ReadProcessMemory 或 WriteProcessMemory 请求。 (0x12B)
[1114/213211.975:ERROR:process_memory_win.cc(73)] ReadMemory at 0x10bebf9000 of 28672 bytes failed: 仅完成部分的 ReadProcessMemory 或 WriteProcessMemory 请求。 (0x12B)
[1114/213211.975:ERROR:process_memory_win.cc(73)] ReadMemory at 0x10bf3fe000 of 8192 bytes failed: 仅完成部分的 ReadProcessMemory 或 WriteProcessMemory 请求。 (0x12B)
[1114/213211.975:ERROR:process_memory_win.cc(73)] ReadMemory at 0x10bfbfd000 of 12288 bytes failed: 仅完成部分的 ReadProcessMemory 或 WriteProcessMemory 请求。 (0x12B)
[1114/213211.975:ERROR:process_memory_win.cc(73)] ReadMemory at 0x10c03f7000 of 36864 bytes failed: 仅完成部分的 ReadProcessMemory 或 WriteProcessMemory 请求。 (0x12B)
[1114/213211.975:ERROR:process_memory_win.cc(73)] ReadMemory at 0x10c0bfe000 of 8192 bytes failed: 仅完成部分的 ReadProcessMemory 或 WriteProcessMemory 请求。 (0x12B)
[1114/213211.975:ERROR:process_memory_win.cc(73)] ReadMemory at 0x10c13fe000 of 8192 bytes failed: 仅完成部分的 ReadProcessMemory 或 WriteProcessMemory 请求。 (0x12B)
[1114/213211.975:ERROR:process_memory_win.cc(73)] ReadMemory at 0x10c1bfd000 of 12288 bytes failed: 仅完成部分的 ReadProcessMemory 或 WriteProcessMemory 请求。 (0x12B)
[1114/213211.975:ERROR:process_memory_win.cc(73)] ReadMemory at 0x10c23fe000 of 8192 bytes failed: 仅完成部分的 ReadProcessMemory 或 WriteProcessMemory 请求。 (0x12B)
[1114/213211.975:ERROR:process_memory_win.cc(73)] ReadMemory at 0x10c2bfe000 of 8192 bytes failed: 仅完成部分的 ReadProcessMemory 或 WriteProcessMemory 请求。 (0x12B)
[1114/213211.975:ERROR:process_memory_win.cc(73)] ReadMemory at 0x10c33fc000 of 16384 bytes failed: 仅完成部分的 ReadProcessMemory 或 WriteProcessMemory 请求。 (0x12B)
[1114/213211.975:ERROR:process_memory_win.cc(73)] ReadMemory at 0x10c3bfc000 of 16384 bytes failed: 仅完成部分的 ReadProcessMemory 或 WriteProcessMemory 请求。 (0x12B)
[1114/213211.975:ERROR:process_memory_win.cc(73)] ReadMemory at 0x10c43fc000 of 16384 bytes failed: 仅完成部分的 ReadProcessMemory 或 WriteProcessMemory 请求。 (0x12B)
[1114/213211.975:ERROR:process_memory_win.cc(73)] ReadMemory at 0x10c4bfc000 of 16384 bytes failed: 仅完成部分的 ReadProcessMemory 或 WriteProcessMemory 请求。 (0x12B)
[1114/213211.975:ERROR:process_memory_win.cc(73)] ReadMemory at 0x10c53fe000 of 8192 bytes failed: 仅完成部分的 ReadProcessMemory 或 WriteProcessMemory 请求。 (0x12B)
[1114/213211.975:ERROR:process_memory_win.cc(73)] ReadMemory at 0x10c5bfc000 of 16384 bytes failed: 仅完成部分的 ReadProcessMemory 或 WriteProcessMemory 请求。 (0x12B)
[1114/213211.975:ERROR:process_memory_win.cc(73)] ReadMemory at 0x10c63fc000 of 16384 bytes failed: 仅完成部分的 ReadProcessMemory 或 WriteProcessMemory 请求。 (0x12B)
[1114/213211.975:ERROR:process_memory_win.cc(73)] ReadMemory at 0x10c6bf4000 of 49152 bytes failed: 仅完成部分的 ReadProcessMemory 或 WriteProcessMemory 请求。 (0x12B)
[1114/213211.975:ERROR:process_memory_win.cc(73)] ReadMemory at 0x10c73fe000 of 8192 bytes failed: 仅完成部分的 ReadProcessMemory 或 WriteProcessMemory 请求。 (0x12B)
[1114/213211.975:ERROR:process_memory_win.cc(73)] ReadMemory at 0x10bd318000 of 852 bytes failed: 仅完成部分的 ReadProcessMemory 或 WriteProcessMemory 请求。 (0x12B)
[1114/213211.975:ERROR:process_memory_win.cc(73)] ReadMemory at 0x10bd319000 of 6024 bytes failed: 仅完成部分的 ReadProcessMemory 或 WriteProcessMemory 请求。 (0x12B)
[1114/213211.975:ERROR:process_memory_win.cc(73)] ReadMemory at 0x10bd31b000 of 6024 bytes failed: 仅完成部分的 ReadProcessMemory 或 WriteProcessMemory 请求。 (0x12B)
[1114/213211.976:ERROR:process_memory_win.cc(73)] ReadMemory at 0x10bd31d000 of 6024 bytes failed: 仅完成部分的 ReadProcessMemory 或 WriteProcessMemory 请求。 (0x12B)
[1114/213211.976:ERROR:process_memory_win.cc(73)] ReadMemory at 0x10bd31f000 of 6024 bytes failed: 仅完成部分的 ReadProcessMemory 或 WriteProcessMemory 请求。 (0x12B)
[1114/213211.976:ERROR:process_memory_win.cc(73)] ReadMemory at 0x10bd321000 of 6024 bytes failed: 仅完成部分的 ReadProcessMemory 或 WriteProcessMemory 请求。 (0x12B)
[1114/213211.976:ERROR:process_memory_win.cc(73)] ReadMemory at 0x10bd323000 of 6024 bytes failed: 仅完成部分的 ReadProcessMemory 或 WriteProcessMemory 请求。 (0x12B)
[1114/213211.976:ERROR:process_memory_win.cc(73)] ReadMemory at 0x10bd325000 of 6024 bytes failed: 仅完成部分的 ReadProcessMemory 或 WriteProcessMemory 请求。 (0x12B)
[1114/213211.976:ERROR:process_memory_win.cc(73)] ReadMemory at 0x10bd327000 of 6024 bytes failed: 仅完成部分的 ReadProcessMemory 或 WriteProcessMemory 请求。 (0x12B)
[1114/213211.976:ERROR:process_memory_win.cc(73)] ReadMemory at 0x10bd329000 of 6024 bytes failed: 仅完成部分的 ReadProcessMemory 或 WriteProcessMemory 请求。 (0x12B)
[1114/213211.976:ERROR:process_memory_win.cc(73)] ReadMemory at 0x10bd32b000 of 6024 bytes failed: 仅完成部分的 ReadProcessMemory 或 WriteProcessMemory 请求。 (0x12B)
[1114/213211.976:ERROR:process_memory_win.cc(73)] ReadMemory at 0x10bd32d000 of 6024 bytes failed: 仅完成部分的 ReadProcessMemory 或 WriteProcessMemory 请求。 (0x12B)
[1114/213211.976:ERROR:process_memory_win.cc(73)] ReadMemory at 0x10bd32f000 of 6024 bytes failed: 仅完成部分的 ReadProcessMemory 或 WriteProcessMemory 请求。 (0x12B)
[1114/213211.976:ERROR:process_memory_win.cc(73)] ReadMemory at 0x10bd331000 of 6024 bytes failed: 仅完成部分的 ReadProcessMemory 或 WriteProcessMemory 请求。 (0x12B)
[1114/213211.976:ERROR:process_memory_win.cc(73)] ReadMemory at 0x10bd333000 of 6024 bytes failed: 仅完成部分的 ReadProcessMemory 或 WriteProcessMemory 请求。 (0x12B)
[1114/213211.976:ERROR:process_memory_win.cc(73)] ReadMemory at 0x10bd335000 of 6024 bytes failed: 仅完成部分的 ReadProcessMemory 或 WriteProcessMemory 请求。 (0x12B)
[1114/213211.976:ERROR:process_memory_win.cc(73)] ReadMemory at 0x10bd337000 of 6024 bytes failed: 仅完成部分的 ReadProcessMemory 或 WriteProcessMemory 请求。 (0x12B)
[1114/213211.976:ERROR:process_memory_win.cc(73)] ReadMemory at 0x10bd339000 of 6024 bytes failed: 仅完成部分的 ReadProcessMemory 或 WriteProcessMemory 请求。 (0x12B)
[1114/213211.976:ERROR:process_memory_win.cc(73)] ReadMemory at 0x10bd33b000 of 6024 bytes failed: 仅完成部分的 ReadProcessMemory 或 WriteProcessMemory 请求。 (0x12B)
[1114/213211.976:ERROR:process_memory_win.cc(73)] ReadMemory at 0x10bd33d000 of 6024 bytes failed: 仅完成部分的 ReadProcessMemory 或 WriteProcessMemory 请求。 (0x12B)
[1114/213211.976:ERROR:process_memory_win.cc(73)] ReadMemory at 0x10bd33f000 of 6024 bytes failed: 仅完成部分的 ReadProcessMemory 或 WriteProcessMemory 请求。 (0x12B)
[1114/213211.976:ERROR:process_memory_win.cc(73)] ReadMemory at 0x136ddd40fe0 of 5140 bytes failed: 仅完成部分的 ReadProcessMemory 或 WriteProcessMemory 请求。 (0x12B)
[1114/213211.976:ERROR:process_memory_win.cc(73)] ReadMemory at 0x136ddd42400 of 1012 bytes failed: 仅完成部分的 ReadProcessMemory 或 WriteProcessMemory 请求。 (0x12B)
[1114/213211.976:ERROR:process_memory_win.cc(73)] ReadMemory at 0x136ddd42a48 of 118 bytes failed: 仅完成部分的 ReadProcessMemory 或 WriteProcessMemory 请求。 (0x12B)
[1114/213211.976:ERROR:process_memory_win.cc(73)] ReadMemory at 0x136ddd42ac0 of 1222 bytes failed: 仅完成部分的 ReadProcessMemory 或 WriteProcessMemory 请求。 (0x12B)
[1114/213211.976:ERROR:process_memory_win.cc(73)] ReadMemory at 0x136ddd42f88 of 118 bytes failed: 仅完成部分的 ReadProcessMemory 或 WriteProcessMemory 请求。 (0x12B)
[1114/213211.976:ERROR:process_memory_win.cc(73)] ReadMemory at 0x136ddd43000 of 94 bytes failed: 仅完成部分的 ReadProcessMemory 或 WriteProcessMemory 请求。 (0x12B)
[1114/213211.976:ERROR:process_memory_win.cc(73)] ReadMemory at 0x136ddd43070 of 58 bytes failed: 仅完成部分的 ReadProcessMemory 或 WriteProcessMemory 请求。 (0x12B)
[1114/213211.976:ERROR:process_memory_win.cc(73)] ReadMemory at 0x136ddd43170 of 132 bytes failed: 仅完成部分的 ReadProcessMemory 或 WriteProcessMemory 请求。 (0x12B)
[1114/213211.976:ERROR:process_memory_win.cc(73)] ReadMemory at 0x136ddd43300 of 132 bytes failed: 仅完成部分的 ReadProcessMemory 或 WriteProcessMemory 请求。 (0x12B)
[1114/213211.976:ERROR:process_memory_win.cc(73)] ReadMemory at 0x136ddd434c0 of 126 bytes failed: 仅完成部分的 ReadProcessMemory 或 WriteProcessMemory 请求。 (0x12B)
[1114/213211.977:ERROR:process_memory_win.cc(73)] ReadMemory at 0x136ddd439c0 of 132 bytes failed: 仅完成部分的 ReadProcessMemory 或 WriteProcessMemory 请求。 (0x12B)
[1114/213211.977:ERROR:process_memory_win.cc(73)] ReadMemory at 0x136ddd43b50 of 64 bytes failed: 仅完成部分的 ReadProcessMemory 或 WriteProcessMemory 请求。 (0x12B)
[1114/213211.977:ERROR:process_memory_win.cc(73)] ReadMemory at 0x136ddd43d10 of 132 bytes failed: 仅完成部分的 ReadProcessMemory 或 WriteProcessMemory 请求。 (0x12B)
[1114/213211.977:ERROR:process_memory_win.cc(73)] ReadMemory at 0x136ddd43fb0 of 132 bytes failed: 仅完成部分的 ReadProcessMemory 或 WriteProcessMemory 请求。 (0x12B)
[1114/213211.977:ERROR:process_memory_win.cc(73)] ReadMemory at 0x136ddd44140 of 68 bytes failed: 仅完成部分的 ReadProcessMemory 或 WriteProcessMemory 请求。 (0x12B)
[1114/213211.977:ERROR:process_memory_win.cc(73)] ReadMemory at 0x136ddd45290 of 132 bytes failed: 仅完成部分的 ReadProcessMemory 或 WriteProcessMemory 请求。 (0x12B)
[1114/213211.977:ERROR:process_memory_win.cc(73)] ReadMemory at 0x136ddd45420 of 154 bytes failed: 仅完成部分的 ReadProcessMemory 或 WriteProcessMemory 请求。 (0x12B)
[1114/213211.977:ERROR:process_memory_win.cc(73)] ReadMemory at 0x136ddd460e0 of 62 bytes failed: 仅完成部分的 ReadProcessMemory 或 WriteProcessMemory 请求。 (0x12B)
[1114/213211.977:ERROR:process_memory_win.cc(73)] ReadMemory at 0x136ddd462d0 of 60 bytes failed: 仅完成部分的 ReadProcessMemory 或 WriteProcessMemory 请求。 (0x12B)
[1114/213211.977:ERROR:process_memory_win.cc(73)] ReadMemory at 0x136ddd46890 of 132 bytes failed: 仅完成部分的 ReadProcessMemory 或 WriteProcessMemory 请求。 (0x12B)
[1114/213211.977:ERROR:process_memory_win.cc(73)] ReadMemory at 0x136ddd4e310 of 62 bytes failed: 仅完成部分的 ReadProcessMemory 或 WriteProcessMemory 请求。 (0x12B)
[1114/213211.977:ERROR:process_memory_win.cc(73)] ReadMemory at 0x136ddd4f1f0 of 54 bytes failed: 仅完成部分的 ReadProcessMemory 或 WriteProcessMemory 请求。 (0x12B)
[1114/213211.977:ERROR:process_memory_win.cc(73)] ReadMemory at 0x136ddd4f750 of 80 bytes failed: 仅完成部分的 ReadProcessMemory 或 WriteProcessMemory 请求。 (0x12B)
[1114/213211.977:ERROR:process_memory_win.cc(73)] ReadMemory at 0x136ddd536b0 of 132 bytes failed: 仅完成部分的 ReadProcessMemory 或 WriteProcessMemory 请求。 (0x12B)
[1114/213211.977:ERROR:process_memory_win.cc(73)] ReadMemory at 0x136ddd537e0 of 132 bytes failed: 仅完成部分的 ReadProcessMemory 或 WriteProcessMemory 请求。 (0x12B)
[1114/213211.977:ERROR:process_memory_win.cc(73)] ReadMemory at 0x136ddd55130 of 132 bytes failed: 仅完成部分的 ReadProcessMemory 或 WriteProcessMemory 请求。 (0x12B)
[1114/213211.977:ERROR:process_memory_win.cc(73)] ReadMemory at 0x136ddd55360 of 132 bytes failed: 仅完成部分的 ReadProcessMemory 或 WriteProcessMemory 请求。 (0x12B)
[1114/213211.977:ERROR:process_memory_win.cc(73)] ReadMemory at 0x136ddd57020 of 80 bytes failed: 仅完成部分的 ReadProcessMemory 或 WriteProcessMemory 请求。 (0x12B)
[1114/213211.977:ERROR:process_memory_win.cc(73)] ReadMemory at 0x136ddd57740 of 76 bytes failed: 仅完成部分的 ReadProcessMemory 或 WriteProcessMemory 请求。 (0x12B)
[1114/213211.977:ERROR:process_memory_win.cc(73)] ReadMemory at 0x136ddd591c0 of 132 bytes failed: 仅完成部分的 ReadProcessMemory 或 WriteProcessMemory 请求。 (0x12B)
[1114/213211.977:ERROR:process_memory_win.cc(73)] ReadMemory at 0x136ddd59640 of 132 bytes failed: 仅完成部分的 ReadProcessMemory 或 WriteProcessMemory 请求。 (0x12B)
[1114/213211.978:ERROR:process_memory_win.cc(73)] ReadMemory at 0x136ddd59770 of 132 bytes failed: 仅完成部分的 ReadProcessMemory 或 WriteProcessMemory 请求。 (0x12B)
[1114/213211.978:ERROR:process_memory_win.cc(73)] ReadMemory at 0x136ddd598a0 of 132 bytes failed: 仅完成部分的 ReadProcessMemory 或 WriteProcessMemory 请求。 (0x12B)
[1114/213211.978:ERROR:process_memory_win.cc(73)] ReadMemory at 0x136ddd599d0 of 132 bytes failed: 仅完成部分的 ReadProcessMemory 或 WriteProcessMemory 请求。 (0x12B)
[1114/213211.978:ERROR:process_memory_win.cc(73)] ReadMemory at 0x136ddd59b00 of 132 bytes failed: 仅完成部分的 ReadProcessMemory 或 WriteProcessMemory 请求。 (0x12B)
[1114/213211.978:ERROR:process_memory_win.cc(73)] ReadMemory at 0x136ddd59c30 of 132 bytes failed: 仅完成部分的 ReadProcessMemory 或 WriteProcessMemory 请求。 (0x12B)
[1114/213211.978:ERROR:process_memory_win.cc(73)] ReadMemory at 0x136ddd59fd0 of 62 bytes failed: 仅完成部分的 ReadProcessMemory 或 WriteProcessMemory 请求。 (0x12B)
[1114/213211.978:ERROR:process_memory_win.cc(73)] ReadMemory at 0x136ddd5a070 of 62 bytes failed: 仅完成部分的 ReadProcessMemory 或 WriteProcessMemory 请求。 (0x12B)
[1114/213211.978:ERROR:process_memory_win.cc(73)] ReadMemory at 0x136ddd5a160 of 64 bytes failed: 仅完成部分的 ReadProcessMemory 或 WriteProcessMemory 请求。 (0x12B)
[1114/213211.978:ERROR:process_memory_win.cc(73)] ReadMemory at 0x136ddd5a200 of 62 bytes failed: 仅完成部分的 ReadProcessMemory 或 WriteProcessMemory 请求。 (0x12B)
[1114/213211.978:ERROR:process_memory_win.cc(73)] ReadMemory at 0x136ddd5a250 of 58 bytes failed: 仅完成部分的 ReadProcessMemory 或 WriteProcessMemory 请求。 (0x12B)
[1114/213211.978:ERROR:process_memory_win.cc(73)] ReadMemory at 0x136ddd5a2a0 of 64 bytes failed: 仅完成部分的 ReadProcessMemory 或 WriteProcessMemory 请求。 (0x12B)
[1114/213211.978:ERROR:process_memory_win.cc(73)] ReadMemory at 0x136ddd5a340 of 62 bytes failed: 仅完成部分的 ReadProcessMemory 或 WriteProcessMemory 请求。 (0x12B)
[1114/213211.978:ERROR:process_memory_win.cc(73)] ReadMemory at 0x136ddd5a3e0 of 60 bytes failed: 仅完成部分的 ReadProcessMemory 或 WriteProcessMemory 请求。 (0x12B)
[1114/213211.978:ERROR:process_memory_win.cc(73)] ReadMemory at 0x136ddd5a430 of 64 bytes failed: 仅完成部分的 ReadProcessMemory 或 WriteProcessMemory 请求。 (0x12B)
[1114/213211.978:ERROR:process_memory_win.cc(73)] ReadMemory at 0x136ddd5a4d0 of 66 bytes failed: 仅完成部分的 ReadProcessMemory 或 WriteProcessMemory 请求。 (0x12B)
[1114/213211.978:ERROR:process_memory_win.cc(73)] ReadMemory at 0x136ddd5a570 of 62 bytes failed: 仅完成部分的 ReadProcessMemory 或 WriteProcessMemory 请求。 (0x12B)
[1114/213211.978:ERROR:process_memory_win.cc(73)] ReadMemory at 0x136ddd5a6b0 of 62 bytes failed: 仅完成部分的 ReadProcessMemory 或 WriteProcessMemory 请求。 (0x12B)
[1114/213211.978:ERROR:process_memory_win.cc(73)] ReadMemory at 0x136ddd5a700 of 60 bytes failed: 仅完成部分的 ReadProcessMemory 或 WriteProcessMemory 请求。 (0x12B)
[1114/213211.978:ERROR:process_memory_win.cc(73)] ReadMemory at 0x136ddd5a750 of 60 bytes failed: 仅完成部分的 ReadProcessMemory 或 WriteProcessMemory 请求。 (0x12B)
[1114/213211.978:ERROR:process_memory_win.cc(73)] ReadMemory at 0x136ddd5a7a0 of 66 bytes failed: 仅完成部分的 ReadProcessMemory 或 WriteProcessMemory 请求。 (0x12B)
[1114/213211.978:ERROR:process_memory_win.cc(73)] ReadMemory at 0x136ddd5a930 of 64 bytes failed: 仅完成部分的 ReadProcessMemory 或 WriteProcessMemory 请求。 (0x12B)
[1114/213211.978:ERROR:process_memory_win.cc(73)] ReadMemory at 0x136ddd5a9d0 of 60 bytes failed: 仅完成部分的 ReadProcessMemory 或 WriteProcessMemory 请求。 (0x12B)
[1114/213211.978:ERROR:process_memory_win.cc(73)] ReadMemory at 0x136ddd5aa20 of 62 bytes failed: 仅完成部分的 ReadProcessMemory 或 WriteProcessMemory 请求。 (0x12B)
[1114/213211.978:ERROR:process_memory_win.cc(73)] ReadMemory at 0x136ddd5aa70 of 60 bytes failed: 仅完成部分的 ReadProcessMemory 或 WriteProcessMemory 请求。 (0x12B)
[1114/213211.978:ERROR:process_memory_win.cc(73)] ReadMemory at 0x136ddd5aac0 of 64 bytes failed: 仅完成部分的 ReadProcessMemory 或 WriteProcessMemory 请求。 (0x12B)
[1114/213211.978:ERROR:process_memory_win.cc(73)] ReadMemory at 0x136ddd5abb0 of 62 bytes failed: 仅完成部分的 ReadProcessMemory 或 WriteProcessMemory 请求。 (0x12B)
[1114/213211.978:ERROR:process_memory_win.cc(73)] ReadMemory at 0x136ddd5ac00 of 64 bytes failed: 仅完成部分的 ReadProcessMemory 或 WriteProcessMemory 请求。 (0x12B)
[1114/213211.978:ERROR:process_memory_win.cc(73)] ReadMemory at 0x136ddd5ac50 of 64 bytes failed: 仅完成部分的 ReadProcessMemory 或 WriteProcessMemory 请求。 (0x12B)
[1114/213211.978:ERROR:process_memory_win.cc(73)] ReadMemory at 0x136ddd5aca0 of 62 bytes failed: 仅完成部分的 ReadProcessMemory 或 WriteProcessMemory 请求。 (0x12B)
[1114/213211.978:ERROR:process_memory_win.cc(73)] ReadMemory at 0x136ddd5ae80 of 64 bytes failed: 仅完成部分的 ReadProcessMemory 或 WriteProcessMemory 请求。 (0x12B)
[1114/213211.978:ERROR:process_memory_win.cc(73)] ReadMemory at 0x136ddd5af20 of 60 bytes failed: 仅完成部分的 ReadProcessMemory 或 WriteProcessMemory 请求。 (0x12B)
[1114/213211.979:ERROR:process_memory_win.cc(73)] ReadMemory at 0x136ddd5e9d0 of 146 bytes failed: 仅完成部分的 ReadProcessMemory 或 WriteProcessMemory 请求。 (0x12B)
[1114/213211.979:ERROR:process_memory_win.cc(73)] ReadMemory at 0x136ddd611f0 of 132 bytes failed: 仅完成部分的 ReadProcessMemory 或 WriteProcessMemory 请求。 (0x12B)
[1114/213211.979:ERROR:process_memory_win.cc(73)] ReadMemory at 0x136ddd61400 of 132 bytes failed: 仅完成部分的 ReadProcessMemory 或 WriteProcessMemory 请求。 (0x12B)
[1114/213211.979:ERROR:process_memory_win.cc(73)] ReadMemory at 0x136ddd61720 of 132 bytes failed: 仅完成部分的 ReadProcessMemory 或 WriteProcessMemory 请求。 (0x12B)
[1114/213211.979:ERROR:process_memory_win.cc(73)] ReadMemory at 0x136ddd61940 of 132 bytes failed: 仅完成部分的 ReadProcessMemory 或 WriteProcessMemory 请求。 (0x12B)
[1114/213211.979:ERROR:process_memory_win.cc(73)] ReadMemory at 0x136ddd61ca0 of 132 bytes failed: 仅完成部分的 ReadProcessMemory 或 WriteProcessMemory 请求。 (0x12B)
[1114/213211.979:ERROR:process_memory_win.cc(73)] ReadMemory at 0x136ddd61fd0 of 132 bytes failed: 仅完成部分的 ReadProcessMemory 或 WriteProcessMemory 请求。 (0x12B)
[1114/213211.979:ERROR:process_memory_win.cc(73)] ReadMemory at 0x136ddd62100 of 132 bytes failed: 仅完成部分的 ReadProcessMemory 或 WriteProcessMemory 请求。 (0x12B)
[1114/213211.979:ERROR:process_memory_win.cc(73)] ReadMemory at 0x136ddd62230 of 132 bytes failed: 仅完成部分的 ReadProcessMemory 或 WriteProcessMemory 请求。 (0x12B)
[1114/213211.979:ERROR:process_memory_win.cc(73)] ReadMemory at 0x136ddd62360 of 132 bytes failed: 仅完成部分的 ReadProcessMemory 或 WriteProcessMemory 请求。 (0x12B)
[1114/213211.979:ERROR:process_memory_win.cc(73)] ReadMemory at 0x136ddd62490 of 132 bytes failed: 仅完成部分的 ReadProcessMemory 或 WriteProcessMemory 请求。 (0x12B)
[1114/213211.979:ERROR:process_memory_win.cc(73)] ReadMemory at 0x136ddd625c0 of 132 bytes failed: 仅完成部分的 ReadProcessMemory 或 WriteProcessMemory 请求。 (0x12B)
[1114/213211.979:ERROR:process_memory_win.cc(73)] ReadMemory at 0x136ddd626f0 of 132 bytes failed: 仅完成部分的 ReadProcessMemory 或 WriteProcessMemory 请求。 (0x12B)
[1114/213211.979:ERROR:process_memory_win.cc(73)] ReadMemory at 0x136ddd62820 of 132 bytes failed: 仅完成部分的 ReadProcessMemory 或 WriteProcessMemory 请求。 (0x12B)
[1114/213211.979:ERROR:process_memory_win.cc(73)] ReadMemory at 0x136ddd62950 of 132 bytes failed: 仅完成部分的 ReadProcessMemory 或 WriteProcessMemory 请求。 (0x12B)
[1114/213211.979:ERROR:process_memory_win.cc(73)] ReadMemory at 0x136ddd62a80 of 132 bytes failed: 仅完成部分的 ReadProcessMemory 或 WriteProcessMemory 请求。 (0x12B)
[1114/213211.979:ERROR:process_memory_win.cc(73)] ReadMemory at 0x136ddd62bb0 of 132 bytes failed: 仅完成部分的 ReadProcessMemory 或 WriteProcessMemory 请求。 (0x12B)
[1114/213211.979:ERROR:process_memory_win.cc(73)] ReadMemory at 0x136ddd62ce0 of 132 bytes failed: 仅完成部分的 ReadProcessMemory 或 WriteProcessMemory 请求。 (0x12B)
[1114/213211.979:ERROR:process_memory_win.cc(73)] ReadMemory at 0x136ddd62e10 of 132 bytes failed: 仅完成部分的 ReadProcessMemory 或 WriteProcessMemory 请求。 (0x12B)
[1114/213211.979:ERROR:process_memory_win.cc(73)] ReadMemory at 0x136ddd62f40 of 132 bytes failed: 仅完成部分的 ReadProcessMemory 或 WriteProcessMemory 请求。 (0x12B)
[1114/213211.979:ERROR:process_memory_win.cc(73)] ReadMemory at 0x136ddd63070 of 132 bytes failed: 仅完成部分的 ReadProcessMemory 或 WriteProcessMemory 请求。 (0x12B)
[1114/213211.979:ERROR:process_memory_win.cc(73)] ReadMemory at 0x136ddd631a0 of 132 bytes failed: 仅完成部分的 ReadProcessMemory 或 WriteProcessMemory 请求。 (0x12B)
[1114/213211.979:ERROR:process_memory_win.cc(73)] ReadMemory at 0x136ddd632d0 of 132 bytes failed: 仅完成部分的 ReadProcessMemory 或 WriteProcessMemory 请求。 (0x12B)
[1114/213211.979:ERROR:process_memory_win.cc(73)] ReadMemory at 0x136ddd63400 of 132 bytes failed: 仅完成部分的 ReadProcessMemory 或 WriteProcessMemory 请求。 (0x12B)
[1114/213211.979:ERROR:process_memory_win.cc(73)] ReadMemory at 0x136ddd63530 of 132 bytes failed: 仅完成部分的 ReadProcessMemory 或 WriteProcessMemory 请求。 (0x12B)
[1114/213211.979:ERROR:process_memory_win.cc(73)] ReadMemory at 0x136ddd63660 of 132 bytes failed: 仅完成部分的 ReadProcessMemory 或 WriteProcessMemory 请求。 (0x12B)
[1114/213211.979:ERROR:process_memory_win.cc(73)] ReadMemory at 0x136ddd63790 of 132 bytes failed: 仅完成部分的 ReadProcessMemory 或 WriteProcessMemory 请求。 (0x12B)
[1114/213211.979:ERROR:process_memory_win.cc(73)] ReadMemory at 0x136ddd638c0 of 132 bytes failed: 仅完成部分的 ReadProcessMemory 或 WriteProcessMemory 请求。 (0x12B)
[1114/213211.979:ERROR:process_memory_win.cc(73)] ReadMemory at 0x136ddd639f0 of 132 bytes failed: 仅完成部分的 ReadProcessMemory 或 WriteProcessMemory 请求。 (0x12B)
[1114/213211.980:ERROR:process_memory_win.cc(73)] ReadMemory at 0x136ddd63b20 of 132 bytes failed: 仅完成部分的 ReadProcessMemory 或 WriteProcessMemory 请求。 (0x12B)
[1114/213211.980:ERROR:process_memory_win.cc(73)] ReadMemory at 0x136ddd63c50 of 132 bytes failed: 仅完成部分的 ReadProcessMemory 或 WriteProcessMemory 请求。 (0x12B)
[1114/213211.980:ERROR:process_memory_win.cc(73)] ReadMemory at 0x136ddd63d80 of 132 bytes failed: 仅完成部分的 ReadProcessMemory 或 WriteProcessMemory 请求。 (0x12B)
[1114/213211.980:ERROR:process_memory_win.cc(73)] ReadMemory at 0x136ddd7ff10 of 78 bytes failed: 仅完成部分的 ReadProcessMemory 或 WriteProcessMemory 请求。 (0x12B)
[1114/213211.980:ERROR:process_memory_win.cc(73)] ReadMemory at 0x136ddd89200 of 60 bytes failed: 仅完成部分的 ReadProcessMemory 或 WriteProcessMemory 请求。 (0x12B)
[1114/213211.980:ERROR:process_memory_win.cc(73)] ReadMemory at 0x136ddd89340 of 62 bytes failed: 仅完成部分的 ReadProcessMemory 或 WriteProcessMemory 请求。 (0x12B)
[1114/213211.980:ERROR:process_memory_win.cc(73)] ReadMemory at 0x136ddd895c0 of 58 bytes failed: 仅完成部分的 ReadProcessMemory 或 WriteProcessMemory 请求。 (0x12B)
[1114/213211.980:ERROR:process_memory_win.cc(73)] ReadMemory at 0x136ddd897a0 of 62 bytes failed: 仅完成部分的 ReadProcessMemory 或 WriteProcessMemory 请求。 (0x12B)
[1114/213211.980:ERROR:process_memory_win.cc(73)] ReadMemory at 0x136ddd89890 of 58 bytes failed: 仅完成部分的 ReadProcessMemory 或 WriteProcessMemory 请求。 (0x12B)
[1114/213211.980:ERROR:process_memory_win.cc(73)] ReadMemory at 0x136ddd89980 of 62 bytes failed: 仅完成部分的 ReadProcessMemory 或 WriteProcessMemory 请求。 (0x12B)
[1114/213211.980:ERROR:process_memory_win.cc(73)] ReadMemory at 0x136ddd89a20 of 64 bytes failed: 仅完成部分的 ReadProcessMemory 或 WriteProcessMemory 请求。 (0x12B)
[1114/213211.980:ERROR:process_memory_win.cc(73)] ReadMemory at 0x136ddd89a70 of 58 bytes failed: 仅完成部分的 ReadProcessMemory 或 WriteProcessMemory 请求。 (0x12B)
[1114/213211.980:ERROR:process_memory_win.cc(73)] ReadMemory at 0x136ddd89ac0 of 60 bytes failed: 仅完成部分的 ReadProcessMemory 或 WriteProcessMemory 请求。 (0x12B)
[1114/213211.980:ERROR:process_memory_win.cc(73)] ReadMemory at 0x136ddd89b60 of 66 bytes failed: 仅完成部分的 ReadProcessMemory 或 WriteProcessMemory 请求。 (0x12B)
[1114/213211.980:ERROR:process_memory_win.cc(73)] ReadMemory at 0x136ddd95850 of 512 bytes failed: 仅完成部分的 ReadProcessMemory 或 WriteProcessMemory 请求。 (0x12B)
[1114/213211.980:ERROR:process_memory_win.cc(73)] ReadMemory at 0x136ddd9f2e0 of 132 bytes failed: 仅完成部分的 ReadProcessMemory 或 WriteProcessMemory 请求。 (0x12B)
[1114/213211.980:ERROR:process_memory_win.cc(73)] ReadMemory at 0x136dddb8fe0 of 512 bytes failed: 仅完成部分的 ReadProcessMemory 或 WriteProcessMemory 请求。 (0x12B)
[1114/213211.980:ERROR:process_memory_win.cc(73)] ReadMemory at 0x136dddb9c60 of 512 bytes failed: 仅完成部分的 ReadProcessMemory 或 WriteProcessMemory 请求。 (0x12B)
[1114/213211.980:ERROR:process_memory_win.cc(73)] ReadMemory at 0x136dddbad60 of 512 bytes failed: 仅完成部分的 ReadProcessMemory 或 WriteProcessMemory 请求。 (0x12B)
[1114/213211.980:ERROR:process_memory_win.cc(73)] ReadMemory at 0x136dddc1e20 of 512 bytes failed: 仅完成部分的 ReadProcessMemory 或 WriteProcessMemory 请求。 (0x12B)
[1114/213211.980:ERROR:process_memory_win.cc(73)] ReadMemory at 0x136dddc35d0 of 512 bytes failed: 仅完成部分的 ReadProcessMemory 或 WriteProcessMemory 请求。 (0x12B)
[1114/213211.980:ERROR:process_memory_win.cc(73)] ReadMemory at 0x136ddde0230 of 512 bytes failed: 仅完成部分的 ReadProcessMemory 或 WriteProcessMemory 请求。 (0x12B)
[1114/213211.980:ERROR:process_memory_win.cc(73)] ReadMemory at 0x136ddde1290 of 512 bytes failed: 仅完成部分的 ReadProcessMemory 或 WriteProcessMemory 请求。 (0x12B)
[1114/213211.980:ERROR:process_memory_win.cc(73)] ReadMemory at 0x136dddedeb0 of 712 bytes failed: 仅完成部分的 ReadProcessMemory 或 WriteProcessMemory 请求。 (0x12B)
[1114/213211.980:ERROR:process_memory_win.cc(73)] ReadMemory at 0x136dde05c28 of 800 bytes failed: 仅完成部分的 ReadProcessMemory 或 WriteProcessMemory 请求。 (0x12B)
[1114/213211.980:ERROR:process_memory_win.cc(73)] ReadMemory at 0x136dde05f88 of 656 bytes failed: 仅完成部分的 ReadProcessMemory 或 WriteProcessMemory 请求。 (0x12B)
[1114/213211.980:ERROR:process_memory_win.cc(73)] ReadMemory at 0x136dde06b58 of 512 bytes failed: 仅完成部分的 ReadProcessMemory 或 WriteProcessMemory 请求。 (0x12B)
[1114/213211.980:ERROR:process_memory_win.cc(73)] ReadMemory at 0x136dde08770 of 512 bytes failed: 仅完成部分的 ReadProcessMemory 或 WriteProcessMemory 请求。 (0x12B)
[1114/213211.980:ERROR:process_memory_win.cc(73)] ReadMemory at 0x136dde08df0 of 512 bytes failed: 仅完成部分的 ReadProcessMemory 或 WriteProcessMemory 请求。 (0x12B)
[1114/213211.980:ERROR:process_memory_win.cc(73)] ReadMemory at 0x136ddf731c0 of 512 bytes failed: 仅完成部分的 ReadProcessMemory 或 WriteProcessMemory 请求。 (0x12B)
[1114/213211.980:ERROR:process_memory_win.cc(73)] ReadMemory at 0x136dfb06880 of 512 bytes failed: 仅完成部分的 ReadProcessMemory 或 WriteProcessMemory 请求。 (0x12B)
[1114/213211.981:ERROR:process_memory_win.cc(73)] ReadMemory at 0x136dfb80000 of 384 bytes failed: 仅完成部分的 ReadProcessMemory 或 WriteProcessMemory 请求。 (0x12B)
[1114/213211.981:ERROR:process_memory_win.cc(73)] ReadMemory at 0x136dfb847f0 of 512 bytes failed: 仅完成部分的 ReadProcessMemory 或 WriteProcessMemory 请求。 (0x12B)
[1114/213211.981:ERROR:process_memory_win.cc(73)] ReadMemory at 0x136dfc33bc6 of 656 bytes failed: 仅完成部分的 ReadProcessMemory 或 WriteProcessMemory 请求。 (0x12B)
[1114/213211.981:ERROR:process_memory_win.cc(73)] ReadMemory at 0x136dfc33f86 of 988 bytes failed: 仅完成部分的 ReadProcessMemory 或 WriteProcessMemory 请求。 (0x12B)
[1114/213211.981:ERROR:process_memory_win.cc(73)] ReadMemory at 0x136dff6f9c0 of 512 bytes failed: 仅完成部分的 ReadProcessMemory 或 WriteProcessMemory 请求。 (0x12B)
[1114/213211.981:ERROR:process_memory_win.cc(73)] ReadMemory at 0x136dff70140 of 1024 bytes failed: 仅完成部分的 ReadProcessMemory 或 WriteProcessMemory 请求。 (0x12B)
[1114/213211.981:ERROR:process_memory_win.cc(73)] ReadMemory at 0x136e003b4cf of 512 bytes failed: 仅完成部分的 ReadProcessMemory 或 WriteProcessMemory 请求。 (0x12B)
[1114/213211.981:ERROR:process_memory_win.cc(73)] ReadMemory at 0x136e491c420 of 512 bytes failed: 仅完成部分的 ReadProcessMemory 或 WriteProcessMemory 请求。 (0x12B)
[1114/213211.981:ERROR:process_memory_win.cc(73)] ReadMemory at 0x136e4a9bf74 of 512 bytes failed: 仅完成部分的 ReadProcessMemory 或 WriteProcessMemory 请求。 (0x12B)
[1114/213211.981:ERROR:process_memory_win.cc(73)] ReadMemory at 0x136e4bdbdf8 of 512 bytes failed: 仅完成部分的 ReadProcessMemory 或 WriteProcessMemory 请求。 (0x12B)
[1114/213211.981:ERROR:process_memory_win.cc(73)] ReadMemory at 0x136e4be4a48 of 512 bytes failed: 仅完成部分的 ReadProcessMemory 或 WriteProcessMemory 请求。 (0x12B)
[1114/213211.981:ERROR:process_memory_win.cc(73)] ReadMemory at 0x136e8b44075 of 512 bytes failed: 仅完成部分的 ReadProcessMemory 或 WriteProcessMemory 请求。 (0x12B)
[1114/213211.981:ERROR:process_memory_win.cc(73)] ReadMemory at 0x3f0a64a2c758 of 512 bytes failed: 仅完成部分的 ReadProcessMemory 或 WriteProcessMemory 请求。 (0x12B)
[1114/213211.981:ERROR:process_memory_win.cc(73)] ReadMemory at 0x46e4a8e0bf98 of 512 bytes failed: 仅完成部分的 ReadProcessMemory 或 WriteProcessMemory 请求。 (0x12B)
[1114/213211.981:ERROR:process_memory_win.cc(73)] ReadMemory at 0x46e4a8e4c980 of 512 bytes failed: 仅完成部分的 ReadProcessMemory 或 WriteProcessMemory 请求。 (0x12B)
[1114/213211.981:ERROR:process_memory_win.cc(73)] ReadMemory at 0x66b7083e50b4 of 512 bytes failed: 仅完成部分的 ReadProcessMemory 或 WriteProcessMemory 请求。 (0x12B)
[1114/213211.981:ERROR:process_memory_win.cc(73)] ReadMemory at 0x66b7086836e0 of 512 bytes failed: 仅完成部分的 ReadProcessMemory 或 WriteProcessMemory 请求。 (0x12B)
[1114/213211.981:ERROR:process_memory_win.cc(73)] ReadMemory at 0x66b7086a674c of 512 bytes failed: 仅完成部分的 ReadProcessMemory 或 WriteProcessMemory 请求。 (0x12B)
[1114/213211.981:ERROR:process_memory_win.cc(73)] ReadMemory at 0x66b708f4ff1c of 512 bytes failed: 仅完成部分的 ReadProcessMemory 或 WriteProcessMemory 请求。 (0x12B)
[1114/213211.981:ERROR:process_memory_win.cc(73)] ReadMemory at 0x66b708fc50d0 of 512 bytes failed: 仅完成部分的 ReadProcessMemory 或 WriteProcessMemory 请求。 (0x12B)
[1114/213211.981:ERROR:process_memory_win.cc(73)] ReadMemory at 0x66b709008ebc of 512 bytes failed: 仅完成部分的 ReadProcessMemory 或 WriteProcessMemory 请求。 (0x12B)
[1114/213211.981:ERROR:process_memory_win.cc(73)] ReadMemory at 0x7ff87a7e3f10 of 512 bytes failed: 仅完成部分的 ReadProcessMemory 或 WriteProcessMemory 请求。 (0x12B)
[1114/213211.981:ERROR:process_memory_win.cc(73)] ReadMemory at 0x7ff87aba821c of 512 bytes failed: 仅完成部分的 ReadProcessMemory 或 WriteProcessMemory 请求。 (0x12B)
[1114/213211.981:ERROR:process_memory_win.cc(73)] ReadMemory at 0x7ff880714a10 of 512 bytes failed: 仅完成部分的 ReadProcessMemory 或 WriteProcessMemory 请求。 (0x12B)
[1114/213211.981:ERROR:process_memory_win.cc(73)] ReadMemory at 0x7ff8812e68b4 of 512 bytes failed: 仅完成部分的 ReadProcessMemory 或 WriteProcessMemory 请求。 (0x12B)
[1114/213211.981:ERROR:process_memory_win.cc(73)] ReadMemory at 0x7ff8cfb53aa9 of 512 bytes failed: 仅完成部分的 ReadProcessMemory 或 WriteProcessMemory 请求。 (0x12B)
[1114/213211.981:ERROR:process_memory_win.cc(73)] ReadMemory at 0x7ff8d1e21fd0 of 512 bytes failed: 仅完成部分的 ReadProcessMemory 或 WriteProcessMemory 请求。 (0x12B)
[1114/213211.982:ERROR:process_memory_win.cc(73)] ReadMemory at 0x7ff8d29bc0c4 of 672 bytes failed: 仅完成部分的 ReadProcessMemory 或 WriteProcessMemory 请求。 (0x12B)
[1114/213211.982:ERROR:process_memory_win.cc(73)] ReadMemory at 0x7ff8d29bc6c4 of 512 bytes failed: 仅完成部分的 ReadProcessMemory 或 WriteProcessMemory 请求。 (0x12B)
[1114/213211.982:ERROR:process_memory_win.cc(73)] ReadMemory at 0x7ff8d29bf974 of 608 bytes failed: 仅完成部分的 ReadProcessMemory 或 WriteProcessMemory 请求。 (0x12B)
[1114/213211.982:ERROR:process_memory_win.cc(73)] ReadMemory at 0x7ff8d2a4c428 of 18 bytes failed: 仅完成部分的 ReadProcessMemory 或 WriteProcessMemory 请求。 (0x12B)
[1114/213211.982:ERROR:process_memory_win.cc(73)] ReadMemory at 0x7ff8d2a7f4f8 of 40 bytes failed: 仅完成部分的 ReadProcessMemory 或 WriteProcessMemory 请求。 (0x12B)
[1114/213211.982:ERROR:process_memory_win.cc(73)] ReadMemory at 0x7ff8d2a7f978 of 48 bytes failed: 仅完成部分的 ReadProcessMemory 或 WriteProcessMemory 请求。 (0x12B)
[1114/213211.982:ERROR:process_memory_win.cc(73)] ReadMemory at 0x7ff8d2a853c0 of 64 bytes failed: 仅完成部分的 ReadProcessMemory 或 WriteProcessMemory 请求。 (0x12B)
[1114/213211.983:ERROR:file_io_win.cc(162)] CreateFile C:\Users\38942\AppData\Local\Temp\scoped_dir37896_272363586\Crashpad\settings.dat: 系统找不到指定的文件。 (0x2)
[1114/213211.983:ERROR:scoped_process_suspend.cc(40)] NtResumeProcess: 已尝试访问正在退出的过程。 (0xc000010a)
